
Cadence Innovus(TM) Implementation System.
Copyright 2019 Cadence Design Systems, Inc. All rights reserved worldwide.

Version:	v19.15-s075_1, built Thu Jul 2 18:24:05 PDT 2020
Options:	-init FF/INNOVUS/run_init.tcl -log LOG/init.log -overwrite -nowin 
Date:		Wed Aug 19 16:47:40 2020
Host:		rivendell.ecen.okstate.edu (x86_64 w/Linux 2.6.32-754.25.1.el6.x86_64) (6cores*12cpus*Intel(R) Xeon(R) CPU E5-4617 0 @ 2.90GHz 15360KB)
OS:		Red Hat Enterprise Linux Server release 6.10 (Santiago)

License:
		invs	Innovus Implementation System	19.1	checkout succeeded
		8 CPU jobs allowed with the current license(s). Use setMultiCpuUsage to set your required CPU count.
Change the soft stacksize limit to 0.2%RAM (258 mbytes). Set global soft_stack_size_limit to change the value.

**INFO:  MMMC transition support version v31-84 

<CMD> set_global _enable_mmmc_by_default_flow      $CTE::mmmc_default
<CMD> suppressMessage ENCEXT-2799
<CMD> getVersion
Sourcing file "FF/INNOVUS/run_init.tcl" ...
<CMD> set init_io_file encounter.io
<FF> Finished loading setup.tcl
<CMD> setDistributeHost -local
The timeout for a remote job to respond is 3600 seconds.
Submit command for task runs will be: local
<CMD> setMultiCpuUsage -localCpu 1
<FF> LOADING 'pre_init_tcl' PLUG-IN FILE(s) 
<FF> -> PLUG/INNOVUS/pre_init.tcl
<CMD> set init_layout_view {}
<CMD> set init_verilog /home/rjridle/risc-v-chisel/fabcds20/synth/mapped/riscv.vh
<CMD> set init_mmmc_file /home/rjridle/risc-v-chisel/fabcds20/par/FF/view_definition.tcl
<CMD> set init_lef_file /home/rjridle/osugooglelib/outputs/s8_osu130.lef
<CMD> set init_top_cell /home/rjridle/risc-v-chisel/fabcds20/par/riscv
<CMD> set init_gnd_net VSS
<CMD> set init_pwr_net VDD
<CMD> init_design
#% Begin Load MMMC data ... (date=08/19 16:47:53, mem=474.0M)
#% End Load MMMC data ... (date=08/19 16:47:53, total cpu=0:00:00.0, real=0:00:00.0, peak res=474.2M, current mem=474.2M)
rc_typ

Loading LEF file /home/rjridle/osugooglelib/outputs/s8_osu130.lef ...
**ERROR: (IMPLF-328):	The layer 'li1' specified in macro pin 'ADDFX1.A' does not exist
**ERROR: (IMPLF-53):	The layer 'li1' referenced in pin 'A' in macro 'ADDFX1' is not found in the database. A layer must be defined in the LEF technology LAYER section before it can be referenced from a macro. Review the LEF files specified in the init_lef_file variable to see if the layer does not exist or is specified after the one that defines the macro.
Type 'man IMPLF-53' for more detail.
**ERROR: (IMPLF-3):	Error found when processing LEF file '/home/rjridle/osugooglelib/outputs/s8_osu130.lef'. The subsequent file content is ignored. Refer to error messages above for details. Fix the errors, and restart 'Innovus' again.
Type 'man IMPLF-3' for more detail.
**ERROR: (IMPLF-26):	No technology information is defined in the first LEF file.
Please rearrange the LEF file order and make sure the technology LEF file is the
first one, exit and restart Innovus.
**ERROR: (IMPLF-26):	No technology information is defined in the first LEF file.
Please rearrange the LEF file order and make sure the technology LEF file is the
first one, exit and restart Innovus.
**ERROR: (IMPSYT-16013):	Loading LEF file(s) failed, and has aborted. Refer to error messages above for details. Please exit the tools and fix the errors first, then re-load design again.
**ERROR: (IMPSYT-6692):	Invalid return code while executing 'FF/INNOVUS/run_init.tcl' was returned and script processing was stopped. Review the following error in 'FF/INNOVUS/run_init.tcl' then restart.
Error info: FF/INNOVUS/run_init.tcl: 
    while executing
"error $msg"
    (procedure "apply_design" line 45)
    invoked from within
"apply_design $loadViewDefinition"
    (procedure "init_design" line 380)
    invoked from within
"init_design"
    (file "FF/INNOVUS/run_init.tcl" line 55)
    invoked from within
"::se_source_orig FF/INNOVUS/run_init.tcl"
    ("uplevel" body line 1)
    invoked from within
"uplevel [concat ::se_source_orig $args]"
    (procedure "source" line 176)
    invoked from within
"source FF/INNOVUS/run_init.tcl"
    ("uplevel" body line 1)
    invoked from within
"uplevel #0 source FF/INNOVUS/run_init.tcl"
    ("eval" body line 1)
    invoked from within
"eval {uplevel #0 source FF/INNOVUS/run_init.tcl}"
    (in namespace inscope "::" script line 1)
    invoked from within
"namespace inscope :: eval "uplevel #0 source $fileName"".
**INFO (INTERRUPT): The current script will stop before next command.
**INFO (INTERRUPT): One more Ctrl-C to exit Innovus ...
Innovus terminated by user interrupt.

*** Memory Usage v#1 (Current mem = 605.578M, initial mem = 287.395M) ***
*** Message Summary: 0 warning(s), 7 error(s)

--- Ending "Innovus" (totcpu=0:01:11, real=45:48:30, mem=605.6M) ---
