
Cadence Innovus(TM) Implementation System.
Copyright 2019 Cadence Design Systems, Inc. All rights reserved worldwide.

Version:	v19.15-s075_1, built Thu Jul 2 18:24:05 PDT 2020
Options:	-init fab20 
Date:		Mon Aug 17 12:34:13 2020
Host:		rivendell.ecen.okstate.edu (x86_64 w/Linux 2.6.32-754.25.1.el6.x86_64) (6cores*12cpus*Intel(R) Xeon(R) CPU E5-4617 0 @ 2.90GHz 15360KB)
OS:		Red Hat Enterprise Linux Server release 6.10 (Santiago)

License:
		invs	Innovus Implementation System	19.1	checkout succeeded
		8 CPU jobs allowed with the current license(s). Use setMultiCpuUsage to set your required CPU count.
Change the soft stacksize limit to 0.2%RAM (258 mbytes). Set global soft_stack_size_limit to change the value.

**INFO:  MMMC transition support version v31-84 

<CMD> set_global _enable_mmmc_by_default_flow      $CTE::mmmc_default
<CMD> suppressMessage ENCEXT-2799
<CMD> getVersion
**ERROR: (IMPSYT-6696):	Initfile (fab20) does not exist.
<CMD> win

--------------------------------------------------------------------------------
Exiting Innovus on Mon Aug 17 12:34:31 2020
  Total CPU time:     0:00:14
  Total real time:    0:00:19
  Peak memory (main): 532.94MB


*** Memory Usage v#1 (Current mem = 773.555M, initial mem = 287.395M) ***
*** Message Summary: 0 warning(s), 1 error(s)

--- Ending "Innovus" (totcpu=0:00:13.6, real=0:00:18.0, mem=773.6M) ---
