
Cadence Innovus(TM) Implementation System.
Copyright 2017 Cadence Design Systems, Inc. All rights reserved worldwide.

Version:	v17.11-s080_1, built Fri Aug 4 11:13:11 PDT 2017
Options:	-init DBS/signoff.enc 
Date:		Fri Jul 17 12:59:26 2020
Host:		rivendell.ecen.okstate.edu (x86_64 w/Linux 2.6.32-754.25.1.el6.x86_64) (6cores*12cpus*Intel(R) Xeon(R) CPU E5-4617 0 @ 2.90GHz 15360KB)
OS:		Red Hat Enterprise Linux Server release 6.10 (Santiago)

License:
		invs	Innovus Implementation System	17.1	checkout succeeded
		8 CPU jobs allowed with the current license(s). Use setMultiCpuUsage to set your required CPU count.
Change the soft stacksize limit to 0.2%RAM (258 mbytes). Set global soft_stack_size_limit to change the value.

**INFO:  MMMC transition support version v31-84 

<CMD> set_global _enable_mmmc_by_default_flow      $CTE::mmmc_default
<CMD> suppressMessage ENCEXT-2799
<CMD> getVersion
<CMD> getDrawView
<CMD> loadWorkspace -name Physical
Sourcing file "DBS/signoff.enc" ...
<CMD> restoreDesign /home/rjridle/fabcds/par/DBS/signoff.enc.dat riscv
#% Begin load design ... (date=07/17 12:59:37, mem=441.5M)
Set Default Input Pin Transition as 0.1 ps.
**WARN: (GLOBAL-100):	Global 'timing_enable_default_delay_arc' has become obsolete. It will be removed in the next release.
% Begin Load MMMC data ... (date=07/17 12:59:37, mem=443.1M)
% End Load MMMC data ... (date=07/17 12:59:37, total cpu=0:00:00.0, real=0:00:00.0, peak res=443.2M, current mem=443.2M)
rc_typ

Loading LEF file /home/rjridle/fabcds/par/DBS/signoff.enc.dat/libs/lef/osu05_stdcells.lef ...
**WARN: (IMPLF-108):	There is no overlap layer defined in any LEF file
so you are unable to create rectilinear partition in a hierarchical flow.
Set DBUPerIGU to M2 pitch 2400.

viaInitial starts at Fri Jul 17 12:59:37 2020
**WARN: (IMPPP-556):	A SAMENET rule between different layers for a 4 layer technology is probably a mistake. Stacked vias will be difficult to create and probably will not be what expected. Check if this rule can be removed from the technology file: SAMENET cc via 0.150 ;
**WARN: (IMPPP-556):	A SAMENET rule between different layers for a 4 layer technology is probably a mistake. Stacked vias will be difficult to create and probably will not be what expected. Check if this rule can be removed from the technology file: SAMENET via via2 0.150 ;
**WARN: (IMPPP-557):	A single-layer VIARULE GENERATE for turn-vias is obsolete and is being ignored. Remove this statement from the technology file: VIARULE TURN1 GENERATE.
Type 'man IMPPP-557' for more detail.
**WARN: (IMPPP-557):	A single-layer VIARULE GENERATE for turn-vias is obsolete and is being ignored. Remove this statement from the technology file: VIARULE TURN2 GENERATE.
Type 'man IMPPP-557' for more detail.
**WARN: (IMPPP-557):	A single-layer VIARULE GENERATE for turn-vias is obsolete and is being ignored. Remove this statement from the technology file: VIARULE TURN3 GENERATE.
Type 'man IMPPP-557' for more detail.
viaInitial ends at Fri Jul 17 12:59:37 2020
Loading view definition file from /home/rjridle/fabcds/par/DBS/signoff.enc.dat/viewDefinition.tcl
Reading libs_tt timing library '/classes/ecen4303F19/osu_soc_3.0/lib/ami05/lib/osu05_stdcells.lib' ...
**WARN: (TECHLIB-436):	Attribute 'fanout_load' on 'input/inout' pin 'A' of cell 'AND2X1' is not defined in the library. (File /classes/ecen4303F19/osu_soc_3.0/lib/ami05/lib/osu05_stdcells.lib)
**WARN: (TECHLIB-436):	Attribute 'fanout_load' on 'input/inout' pin 'B' of cell 'AND2X1' is not defined in the library. (File /classes/ecen4303F19/osu_soc_3.0/lib/ami05/lib/osu05_stdcells.lib)
**WARN: (TECHLIB-436):	Attribute 'max_fanout' on 'output/inout' pin 'Y' of cell 'AND2X1' is not defined in the library. (File /classes/ecen4303F19/osu_soc_3.0/lib/ami05/lib/osu05_stdcells.lib)
**WARN: (TECHLIB-436):	Attribute 'fanout_load' on 'input/inout' pin 'A' of cell 'AND2X2' is not defined in the library. (File /classes/ecen4303F19/osu_soc_3.0/lib/ami05/lib/osu05_stdcells.lib)
**WARN: (TECHLIB-436):	Attribute 'fanout_load' on 'input/inout' pin 'B' of cell 'AND2X2' is not defined in the library. (File /classes/ecen4303F19/osu_soc_3.0/lib/ami05/lib/osu05_stdcells.lib)
**WARN: (TECHLIB-436):	Attribute 'max_fanout' on 'output/inout' pin 'Y' of cell 'AND2X2' is not defined in the library. (File /classes/ecen4303F19/osu_soc_3.0/lib/ami05/lib/osu05_stdcells.lib)
**WARN: (TECHLIB-436):	Attribute 'fanout_load' on 'input/inout' pin 'A' of cell 'AOI21X1' is not defined in the library. (File /classes/ecen4303F19/osu_soc_3.0/lib/ami05/lib/osu05_stdcells.lib)
**WARN: (TECHLIB-436):	Attribute 'fanout_load' on 'input/inout' pin 'B' of cell 'AOI21X1' is not defined in the library. (File /classes/ecen4303F19/osu_soc_3.0/lib/ami05/lib/osu05_stdcells.lib)
**WARN: (TECHLIB-436):	Attribute 'fanout_load' on 'input/inout' pin 'C' of cell 'AOI21X1' is not defined in the library. (File /classes/ecen4303F19/osu_soc_3.0/lib/ami05/lib/osu05_stdcells.lib)
**WARN: (TECHLIB-436):	Attribute 'max_fanout' on 'output/inout' pin 'Y' of cell 'AOI21X1' is not defined in the library. (File /classes/ecen4303F19/osu_soc_3.0/lib/ami05/lib/osu05_stdcells.lib)
**WARN: (TECHLIB-436):	Attribute 'fanout_load' on 'input/inout' pin 'A' of cell 'AOI22X1' is not defined in the library. (File /classes/ecen4303F19/osu_soc_3.0/lib/ami05/lib/osu05_stdcells.lib)
**WARN: (TECHLIB-436):	Attribute 'fanout_load' on 'input/inout' pin 'B' of cell 'AOI22X1' is not defined in the library. (File /classes/ecen4303F19/osu_soc_3.0/lib/ami05/lib/osu05_stdcells.lib)
**WARN: (TECHLIB-436):	Attribute 'fanout_load' on 'input/inout' pin 'C' of cell 'AOI22X1' is not defined in the library. (File /classes/ecen4303F19/osu_soc_3.0/lib/ami05/lib/osu05_stdcells.lib)
**WARN: (TECHLIB-436):	Attribute 'fanout_load' on 'input/inout' pin 'D' of cell 'AOI22X1' is not defined in the library. (File /classes/ecen4303F19/osu_soc_3.0/lib/ami05/lib/osu05_stdcells.lib)
**WARN: (TECHLIB-436):	Attribute 'max_fanout' on 'output/inout' pin 'Y' of cell 'AOI22X1' is not defined in the library. (File /classes/ecen4303F19/osu_soc_3.0/lib/ami05/lib/osu05_stdcells.lib)
**WARN: (TECHLIB-436):	Attribute 'fanout_load' on 'input/inout' pin 'A' of cell 'BUFX2' is not defined in the library. (File /classes/ecen4303F19/osu_soc_3.0/lib/ami05/lib/osu05_stdcells.lib)
**WARN: (TECHLIB-436):	Attribute 'max_fanout' on 'output/inout' pin 'Y' of cell 'BUFX2' is not defined in the library. (File /classes/ecen4303F19/osu_soc_3.0/lib/ami05/lib/osu05_stdcells.lib)
**WARN: (TECHLIB-436):	Attribute 'fanout_load' on 'input/inout' pin 'A' of cell 'BUFX4' is not defined in the library. (File /classes/ecen4303F19/osu_soc_3.0/lib/ami05/lib/osu05_stdcells.lib)
**WARN: (TECHLIB-436):	Attribute 'max_fanout' on 'output/inout' pin 'Y' of cell 'BUFX4' is not defined in the library. (File /classes/ecen4303F19/osu_soc_3.0/lib/ami05/lib/osu05_stdcells.lib)
**WARN: (TECHLIB-436):	Attribute 'fanout_load' on 'input/inout' pin 'A' of cell 'CLKBUF1' is not defined in the library. (File /classes/ecen4303F19/osu_soc_3.0/lib/ami05/lib/osu05_stdcells.lib)
Message <TECHLIB-436> has exceeded the message display limit of '20'. Use 'set_message -no_limit -id list_of_msgIDs' to reset the message limit.
Read 39 cells in library 'osu05_stdcells' 
*** End library_loading (cpu=0.00min, real=0.00min, mem=17.7M, fe_cpu=0.18min, fe_real=0.18min, fe_mem=523.3M) ***
% Begin Load netlist data ... (date=07/17 12:59:37, mem=478.0M)
*** Begin netlist parsing (mem=523.3M) ***
**WARN: (IMPVL-159):	Pin 'YPAD' of cell 'PADGND' is defined in LEF but not in the timing library.
**WARN: (IMPVL-159):	Pin 'gnd' of cell 'PADGND' is defined in LEF but not in the timing library.
**WARN: (IMPVL-159):	Pin 'YPAD' of cell 'PADVDD' is defined in LEF but not in the timing library.
**WARN: (IMPVL-159):	Pin 'vdd' of cell 'PADVDD' is defined in LEF but not in the timing library.
**WARN: (IMPVL-159):	Pin 'gnd' of cell 'XOR2X1' is defined in LEF but not in the timing library.
**WARN: (IMPVL-159):	Pin 'vdd' of cell 'XOR2X1' is defined in LEF but not in the timing library.
**WARN: (IMPVL-159):	Pin 'gnd' of cell 'XNOR2X1' is defined in LEF but not in the timing library.
**WARN: (IMPVL-159):	Pin 'vdd' of cell 'XNOR2X1' is defined in LEF but not in the timing library.
**WARN: (IMPVL-159):	Pin 'gnd' of cell 'TBUFX2' is defined in LEF but not in the timing library.
**WARN: (IMPVL-159):	Pin 'vdd' of cell 'TBUFX2' is defined in LEF but not in the timing library.
**WARN: (IMPVL-159):	Pin 'gnd' of cell 'TBUFX1' is defined in LEF but not in the timing library.
**WARN: (IMPVL-159):	Pin 'vdd' of cell 'TBUFX1' is defined in LEF but not in the timing library.
**WARN: (IMPVL-159):	Pin 'gnd' of cell 'OR2X2' is defined in LEF but not in the timing library.
**WARN: (IMPVL-159):	Pin 'vdd' of cell 'OR2X2' is defined in LEF but not in the timing library.
**WARN: (IMPVL-159):	Pin 'gnd' of cell 'OR2X1' is defined in LEF but not in the timing library.
**WARN: (IMPVL-159):	Pin 'vdd' of cell 'OR2X1' is defined in LEF but not in the timing library.
**WARN: (IMPVL-159):	Pin 'gnd' of cell 'OAI22X1' is defined in LEF but not in the timing library.
**WARN: (IMPVL-159):	Pin 'vdd' of cell 'OAI22X1' is defined in LEF but not in the timing library.
**WARN: (IMPVL-159):	Pin 'gnd' of cell 'OAI21X1' is defined in LEF but not in the timing library.
**WARN: (IMPVL-159):	Pin 'vdd' of cell 'OAI21X1' is defined in LEF but not in the timing library.
**WARN: (EMS-27):	Message (IMPVL-159) has exceeded the current message display limit of 20.
To increase the message display limit, refer to the product command reference manual.
Created 39 new cells from 1 timing libraries.
Reading netlist ...
Backslashed names will retain backslash and a trailing blank character.
Reading verilogBinary netlist '/home/rjridle/fabcds/par/DBS/signoff.enc.dat/riscv.v.bin'
Reading binary database version 1

*** Memory Usage v#1 (Current mem = 536.277M, initial mem = 183.406M) ***
*** End netlist parsing (cpu=0:00:00.0, real=0:00:00.0, mem=536.3M) ***
% End Load netlist data ... (date=07/17 12:59:37, total cpu=0:00:00.1, real=0:00:00.0, peak res=478.0M, current mem=464.1M)
Set top cell to riscv.
**WARN: (IMPTS-124):	Timing library description of pin 'YPAD' is missing from cell 'PADGND' in timing library 'osu05_stdcells'.
**WARN: (IMPTS-124):	Timing library description of pin 'YPAD' is missing from cell 'PADVDD' in timing library 'osu05_stdcells'.
Hooked 39 DB cells to tlib cells.
Starting recursive module instantiation check.
No recursion found.
Building hierarchical netlist for Cell riscv ...
*** Netlist is unique.
** info: there are 41 modules.
** info: there are 18345 stdCell insts.

*** Memory Usage v#1 (Current mem = 569.699M, initial mem = 183.406M) ***
*info: set bottom ioPad orient R0
Reading IO assignment file "/home/rjridle/fabcds/par/DBS/signoff.enc.dat/libs/iofile/encounter.io" ...
**Warn: ignored IO file "/home/rjridle/fabcds/par/DBS/signoff.enc.dat/libs/iofile/encounter.io" line 9: Pad: c01 NW
  Reason: unable to determine object from name.
**Warn: ignored IO file "/home/rjridle/fabcds/par/DBS/signoff.enc.dat/libs/iofile/encounter.io" line 11: Pad: c02 NE
  Reason: unable to determine object from name.
**Warn: ignored IO file "/home/rjridle/fabcds/par/DBS/signoff.enc.dat/libs/iofile/encounter.io" line 13: Pad: c03 SE
  Reason: unable to determine object from name.
**Warn: ignored IO file "/home/rjridle/fabcds/par/DBS/signoff.enc.dat/libs/iofile/encounter.io" line 15: Pad: c04 SW
  Reason: unable to determine object from name.
**Warn: ignored IO file "/home/rjridle/fabcds/par/DBS/signoff.enc.dat/libs/iofile/encounter.io" line 20: Pad: p39 N
  Reason: unable to determine object from name.
**Warn: ignored IO file "/home/rjridle/fabcds/par/DBS/signoff.enc.dat/libs/iofile/encounter.io" line 22: Pad: p38 N
  Reason: unable to determine object from name.
**Warn: ignored IO file "/home/rjridle/fabcds/par/DBS/signoff.enc.dat/libs/iofile/encounter.io" line 24: Pad: p37 N
  Reason: unable to determine object from name.
**Warn: ignored IO file "/home/rjridle/fabcds/par/DBS/signoff.enc.dat/libs/iofile/encounter.io" line 26: Pad: p36 N
  Reason: unable to determine object from name.
**Warn: ignored IO file "/home/rjridle/fabcds/par/DBS/signoff.enc.dat/libs/iofile/encounter.io" line 28: Pad: p35 N
  Reason: unable to determine object from name.
**Warn: ignored IO file "/home/rjridle/fabcds/par/DBS/signoff.enc.dat/libs/iofile/encounter.io" line 30: Pad: p34 N
  Reason: unable to determine object from name.
**Warn: ignored IO file "/home/rjridle/fabcds/par/DBS/signoff.enc.dat/libs/iofile/encounter.io" line 32: Pad: p33 N
  Reason: unable to determine object from name.
**Warn: ignored IO file "/home/rjridle/fabcds/par/DBS/signoff.enc.dat/libs/iofile/encounter.io" line 34: Pad: p32 N
  Reason: unable to determine object from name.
**Warn: ignored IO file "/home/rjridle/fabcds/par/DBS/signoff.enc.dat/libs/iofile/encounter.io" line 36: Pad: p31 N
  Reason: unable to determine object from name.
**Warn: ignored IO file "/home/rjridle/fabcds/par/DBS/signoff.enc.dat/libs/iofile/encounter.io" line 38: Pad: p30 N
  Reason: unable to determine object from name.
**Warn: ignored IO file "/home/rjridle/fabcds/par/DBS/signoff.enc.dat/libs/iofile/encounter.io" line 43: Pad: p29 W
  Reason: unable to determine object from name.
**Warn: ignored IO file "/home/rjridle/fabcds/par/DBS/signoff.enc.dat/libs/iofile/encounter.io" line 45: Pad: p28 W
  Reason: unable to determine object from name.
**Warn: ignored IO file "/home/rjridle/fabcds/par/DBS/signoff.enc.dat/libs/iofile/encounter.io" line 47: Pad: p27 W
  Reason: unable to determine object from name.
**Warn: ignored IO file "/home/rjridle/fabcds/par/DBS/signoff.enc.dat/libs/iofile/encounter.io" line 49: Pad: p26 W
  Reason: unable to determine object from name.
**Warn: ignored IO file "/home/rjridle/fabcds/par/DBS/signoff.enc.dat/libs/iofile/encounter.io" line 51: Pad: p25 W
  Reason: unable to determine object from name.
**Warn: ignored IO file "/home/rjridle/fabcds/par/DBS/signoff.enc.dat/libs/iofile/encounter.io" line 53: Pad: p24 W
  Reason: unable to determine object from name.
**Warn: ignored IO file "/home/rjridle/fabcds/par/DBS/signoff.enc.dat/libs/iofile/encounter.io" line 55: Pad: p23 W
  Reason: unable to determine object from name.
**Warn: ignored IO file "/home/rjridle/fabcds/par/DBS/signoff.enc.dat/libs/iofile/encounter.io" line 57: Pad: p22 W
  Reason: unable to determine object from name.
**Warn: ignored IO file "/home/rjridle/fabcds/par/DBS/signoff.enc.dat/libs/iofile/encounter.io" line 59: Pad: p21 W
  Reason: unable to determine object from name.
**Warn: ignored IO file "/home/rjridle/fabcds/par/DBS/signoff.enc.dat/libs/iofile/encounter.io" line 61: Pad: p20 W
  Reason: unable to determine object from name.
**Warn: ignored IO file "/home/rjridle/fabcds/par/DBS/signoff.enc.dat/libs/iofile/encounter.io" line 66: Pad: p19 S
  Reason: unable to determine object from name.
**Warn: ignored IO file "/home/rjridle/fabcds/par/DBS/signoff.enc.dat/libs/iofile/encounter.io" line 68: Pad: p18 S
  Reason: unable to determine object from name.
**Warn: ignored IO file "/home/rjridle/fabcds/par/DBS/signoff.enc.dat/libs/iofile/encounter.io" line 70: Pad: p17 S
  Reason: unable to determine object from name.
**Warn: ignored IO file "/home/rjridle/fabcds/par/DBS/signoff.enc.dat/libs/iofile/encounter.io" line 72: Pad: p16 S
  Reason: unable to determine object from name.
**Warn: ignored IO file "/home/rjridle/fabcds/par/DBS/signoff.enc.dat/libs/iofile/encounter.io" line 74: Pad: p15 S
  Reason: unable to determine object from name.
**Warn: ignored IO file "/home/rjridle/fabcds/par/DBS/signoff.enc.dat/libs/iofile/encounter.io" line 76: Pad: p14 S
  Reason: unable to determine object from name.
**Warn: ignored IO file "/home/rjridle/fabcds/par/DBS/signoff.enc.dat/libs/iofile/encounter.io" line 78: Pad: p13 S
  Reason: unable to determine object from name.
**Warn: ignored IO file "/home/rjridle/fabcds/par/DBS/signoff.enc.dat/libs/iofile/encounter.io" line 80: Pad: p12 S
  Reason: unable to determine object from name.
**Warn: ignored IO file "/home/rjridle/fabcds/par/DBS/signoff.enc.dat/libs/iofile/encounter.io" line 82: Pad: p11 S
  Reason: unable to determine object from name.
**Warn: ignored IO file "/home/rjridle/fabcds/par/DBS/signoff.enc.dat/libs/iofile/encounter.io" line 84: Pad: p10 S
  Reason: unable to determine object from name.
**Warn: ignored IO file "/home/rjridle/fabcds/par/DBS/signoff.enc.dat/libs/iofile/encounter.io" line 89: Pad: p09 E
  Reason: unable to determine object from name.
**Warn: ignored IO file "/home/rjridle/fabcds/par/DBS/signoff.enc.dat/libs/iofile/encounter.io" line 91: Pad: p08 E
  Reason: unable to determine object from name.
**Warn: ignored IO file "/home/rjridle/fabcds/par/DBS/signoff.enc.dat/libs/iofile/encounter.io" line 93: Pad: p07 E
  Reason: unable to determine object from name.
**Warn: ignored IO file "/home/rjridle/fabcds/par/DBS/signoff.enc.dat/libs/iofile/encounter.io" line 95: Pad: p06 E
  Reason: unable to determine object from name.
**Warn: ignored IO file "/home/rjridle/fabcds/par/DBS/signoff.enc.dat/libs/iofile/encounter.io" line 97: Pad: p05 E
  Reason: unable to determine object from name.
**Warn: ignored IO file "/home/rjridle/fabcds/par/DBS/signoff.enc.dat/libs/iofile/encounter.io" line 99: Pad: p04 E
  Reason: unable to determine object from name.
**Warn: ignored IO file "/home/rjridle/fabcds/par/DBS/signoff.enc.dat/libs/iofile/encounter.io" line 101: Pad: p03 E
  Reason: unable to determine object from name.
**Warn: ignored IO file "/home/rjridle/fabcds/par/DBS/signoff.enc.dat/libs/iofile/encounter.io" line 103: Pad: p02 E
  Reason: unable to determine object from name.
**Warn: ignored IO file "/home/rjridle/fabcds/par/DBS/signoff.enc.dat/libs/iofile/encounter.io" line 105: Pad: p01 E
  Reason: unable to determine object from name.
**Warn: ignored IO file "/home/rjridle/fabcds/par/DBS/signoff.enc.dat/libs/iofile/encounter.io" line 107: Pad: p00 E
  Reason: unable to determine object from name.
**WARN: (IMPFP-710):	File version 0 is too old.
IO file version '0' is too old, will try to place io cell any way.
**WARN: (IMPFP-3961):	The techSite 'IO' has no related standard cells in LEF/OA library. Cannot make calculations for this site type unless standard cell models of this type exist in the LEF/OA library. If the SITE is not used by the library you can ignore this warning or remove the SITE definition from the LEF/OA to avoid this message.
Type 'man IMPFP-3961' for more detail.
**WARN: (IMPFP-3961):	The techSite 'corner' has no related standard cells in LEF/OA library. Cannot make calculations for this site type unless standard cell models of this type exist in the LEF/OA library. If the SITE is not used by the library you can ignore this warning or remove the SITE definition from the LEF/OA to avoid this message.
Type 'man IMPFP-3961' for more detail.
Horizontal Layer M1 offset = 1500 (derived)
Vertical Layer M2 offset = 1200 (derived)
Set Default Net Delay as 1000 ps.
Set Default Net Load as 0.5 pF. 
Set Default Input Pin Transition as 0.1 ps.
Loading preference file /home/rjridle/fabcds/par/DBS/signoff.enc.dat/gui.pref.tcl ...
Applying the recommended capacitance filtering threshold values for 250nm process node: total_c_th=5, relative_c_th=0.03 and coupling_c_th=3.
	These values will be used by all post-route extraction engines, including tQuantus, IQRC and Quantus QRC extraction.
	For postRoute effortLevel low extraction, the coupling_c_th value will be used only when the -capFilterMode parameter of the setExtractRCMode command is set to relAndCoup or relOrCoup. Default value of -capFilterMode parameter in postRoute extraction effortLevel low is relOnly.
	The accuracy mode for postRoute effortLevel low extraction will be set to 'standard'.
	Default value for EffortLevel(-effortLevel option of the setExtractRCMode) in postRoute extraction mode is 'low'.
Updating process node dependent CCOpt properties for the 250nm process node.
**WARN: (IMPCK-8086):	The command setCTSMode is obsolete and will be removed in the next release. This command still works in this release, but by the next release you must transition to the CCOpt-based CTS flow.
**WARN: (IMPCK-8086):	The command setCTSMode is obsolete and will be removed in the next release. This command still works in this release, but by the next release you must transition to the CCOpt-based CTS flow.
**WARN: (IMPCK-8086):	The command setCTSMode is obsolete and will be removed in the next release. This command still works in this release, but by the next release you must transition to the CCOpt-based CTS flow.
**WARN: (IMPCK-8086):	The command setCTSMode is obsolete and will be removed in the next release. This command still works in this release, but by the next release you must transition to the CCOpt-based CTS flow.
**WARN: (IMPTCM-77):	Option "-drouteStartIteration" for command setNanoRouteMode is obsolete and will be removed in a future release. The obsolete option still works in this release but to avoid this warning and to ensure compatibility with future releases, remove the obsolete option from your script.
This command "restoreDesign /home/rjridle/fabcds/par/DBS/signoff.enc.dat ..." required an extra checkout of license tpsxl.
Additional license(s) checked out: 1 'Tempus_Timing_Signoff_XL' license(s)
addRing command will ignore shorts while creating rings.
addRing command will disallow rings to go over rows.
addRing command will consider rows while creating rings.
The ring targets are set to core/block ring wires.
Extraction setup Started 
Initializing multi-corner RC extraction with 1 active RC Corners ...
**WARN: (IMPEXT-2773):	The via resistance between layers M0 and M1 could not be determined from the LEF technology file because the via resistance specification is missing. A default of 4 Ohms will be used as via resistance between these layers.
Type 'man IMPEXT-2773' for more detail.
**WARN: (IMPEXT-2773):	The via resistance between layers M1 and M2 could not be determined from the LEF technology file because the via resistance specification is missing. A default of 4 Ohms will be used as via resistance between these layers.
Type 'man IMPEXT-2773' for more detail.
**WARN: (IMPEXT-2773):	The via resistance between layers M2 and M3 could not be determined from the LEF technology file because the via resistance specification is missing. A default of 4 Ohms will be used as via resistance between these layers.
Type 'man IMPEXT-2773' for more detail.
**WARN: (IMPEXT-2766):	The sheet resistance for layer M1 is not defined in the cap table. Therefore, the LEF value 0.09 will be used instead. To avoid this message, update the relevant cap table to include the sheet resistance for the specified layer and read it back in.
**WARN: (IMPEXT-2766):	The sheet resistance for layer M2 is not defined in the cap table. Therefore, the LEF value 0.09 will be used instead. To avoid this message, update the relevant cap table to include the sheet resistance for the specified layer and read it back in.
**WARN: (IMPEXT-2766):	The sheet resistance for layer M3 is not defined in the cap table. Therefore, the LEF value 0.05 will be used instead. To avoid this message, update the relevant cap table to include the sheet resistance for the specified layer and read it back in.
Summary of Active RC-Corners : 
 
 Analysis View: setup_func
    RC-Corner Name        : rc_typ
    RC-Corner Index       : 0
    RC-Corner Temperature : 25 Celsius
    RC-Corner Cap Table   : ''
    RC-Corner PreRoute Res Factor         : 1
    RC-Corner PreRoute Cap Factor         : 1
    RC-Corner PostRoute Res Factor        : 1 {1 1 1}
    RC-Corner PostRoute Cap Factor        : 1 {1 1 1}
    RC-Corner PostRoute XCap Factor       : 1 {1 1 1}
    RC-Corner PreRoute Clock Res Factor   : 1	[Derived from Cap Table]
    RC-Corner PreRoute Clock Cap Factor   : 1	[Derived from Cap Table]
    RC-Corner PostRoute Clock Cap Factor  : 1 {1 1 1} 	[Derived from postRoute_cap (effortLevel low)]
    RC-Corner PostRoute Clock Res Factor  : 1 {1 1 1} 	[Derived from postRoute_res (effortLevel low)]
 
 Analysis View: hold_func
    RC-Corner Name        : rc_typ
    RC-Corner Index       : 0
    RC-Corner Temperature : 25 Celsius
    RC-Corner Cap Table   : ''
    RC-Corner PreRoute Res Factor         : 1
    RC-Corner PreRoute Cap Factor         : 1
    RC-Corner PostRoute Res Factor        : 1 {1 1 1}
    RC-Corner PostRoute Cap Factor        : 1 {1 1 1}
    RC-Corner PostRoute XCap Factor       : 1 {1 1 1}
    RC-Corner PreRoute Clock Res Factor   : 1	[Derived from Cap Table]
    RC-Corner PreRoute Clock Cap Factor   : 1	[Derived from Cap Table]
    RC-Corner PostRoute Clock Cap Factor  : 1 {1 1 1} 	[Derived from postRoute_cap (effortLevel low)]
    RC-Corner PostRoute Clock Res Factor  : 1 {1 1 1} 	[Derived from postRoute_res (effortLevel low)]
*Info: initialize multi-corner CTS.
Reading timing constraints file '/home/rjridle/fabcds/par/DBS/signoff.enc.dat/mmmc/modes/setup_func_mode/setup_func_mode.sdc' ...
Current (total cpu=0:00:11.8, real=0:00:12.0, peak res=637.6M, current mem=637.6M)
riscv
INFO (CTE): Constraints read successfully.
Ending "Constraint file reading stats" (total cpu=0:00:00.1, real=0:00:00.0, peak res=654.9M, current mem=654.9M)
Current (total cpu=0:00:11.9, real=0:00:12.0, peak res=654.9M, current mem=654.9M)
Total number of combinational cells: 26
Total number of sequential cells: 4
Total number of tristate cells: 2
Total number of level shifter cells: 0
Total number of power gating cells: 0
Total number of isolation cells: 0
Total number of power switch cells: 0
Total number of pulse generator cells: 0
Total number of always on buffers: 0
Total number of retention cells: 0
List of usable buffers: BUFX2 BUFX4 CLKBUF1
Total number of usable buffers: 3
List of unusable buffers:
Total number of unusable buffers: 0
List of usable inverters: INVX2 INVX1 INVX4 INVX8
Total number of usable inverters: 4
List of unusable inverters:
Total number of unusable inverters: 0
List of identified usable delay cells: CLKBUF2 CLKBUF3
Total number of identified usable delay cells: 2
List of identified unusable delay cells:
Total number of identified unusable delay cells: 0
% Begin Load floorplan data ... (date=07/17 12:59:38, mem=656.5M)
Reading floorplan file - /home/rjridle/fabcds/par/DBS/signoff.enc.dat/riscv.fp.gz (mem = 755.3M).
% Begin Load floorplan data ... (date=07/17 12:59:38, mem=656.5M)
*info: reset 18807 existing net BottomPreferredLayer and AvoidDetour
Deleting old partition specification.
Set FPlanBox to (0 0 3028800 3018000)
Horizontal Layer M1 offset = 1500 (derived)
Vertical Layer M2 offset = 1200 (derived)
 ... processed partition successfully.
Reading binary special route file /home/rjridle/fabcds/par/DBS/signoff.enc.dat/riscv.fp.spr.gz (Created by Innovus v17.11-s080_1 on Fri Jul 17 12:58:41 2020, version: 1)
There are 96 nets with weight being set
There are 96 nets with bottomPreferredRoutingLayer being set
There are 96 nets with avoidDetour being set
Extracting standard cell pins and blockage ...... 
Pin and blockage extraction finished
% End Load floorplan data ... (date=07/17 12:59:38, total cpu=0:00:00.0, real=0:00:00.0, peak res=658.6M, current mem=658.6M)
% End Load floorplan data ... (date=07/17 12:59:38, total cpu=0:00:00.1, real=0:00:00.0, peak res=658.6M, current mem=658.6M)
% Begin Load SymbolTable ... (date=07/17 12:59:38, mem=658.6M)
% End Load SymbolTable ... (date=07/17 12:59:38, total cpu=0:00:00.3, real=0:00:00.0, peak res=665.2M, current mem=665.2M)
% Begin Load placement data ... (date=07/17 12:59:38, mem=662.7M)
Reading placement file - /home/rjridle/fabcds/par/DBS/signoff.enc.dat/riscv.place.gz.
*** Checked 2 GNC rules.
*** applyConnectGlobalNets disabled.
** Reading stdCellPlacement_binary (Created by Innovus v17.11-s080_1 on Fri Jul 17 12:58:41 2020, version# 1) ...
*** Checked 2 GNC rules.
*** applyConnectGlobalNets disabled.
*** Completed restorePlace (cpu=0:00:00.1 real=0:00:00.0 mem=764.3M) ***
Total net length = 3.554e+06 (1.576e+06 1.978e+06) (ext = 3.308e+04)
% End Load placement data ... (date=07/17 12:59:38, total cpu=0:00:00.1, real=0:00:00.0, peak res=673.5M, current mem=673.5M)
*** Checked 2 GNC rules.
*** Applying global-net connections...
*** Applied 2 GNC rules (cpu = 0:00:00.0)
% Begin Load routing data ... (date=07/17 12:59:38, mem=674.1M)
Reading routing file - /home/rjridle/fabcds/par/DBS/signoff.enc.dat/riscv.route.gz.
Reading Innovus routing data (Created by Innovus v17.11-s080_1 on Fri Jul 17 12:58:41 2020 Format: 16.2) ...
Suppress "**WARN ..." messages.
Un-suppress "**WARN ..." messages.
*** Total 18775 nets are successfully restored.
*** Completed restoreRoute (cpu=0:00:00.2 real=0:00:00.0 mem=805.3M) ***
% End Load routing data ... (date=07/17 12:59:38, total cpu=0:00:00.3, real=0:00:00.0, peak res=718.1M, current mem=718.1M)
Loading Drc markers ...
... 95846 markers are loaded ...
... 44330 geometry drc markers are loaded ...
... 0 antenna drc markers are loaded ...
Reading property file /home/rjridle/fabcds/par/DBS/signoff.enc.dat/riscv.prop
*** Completed restoreProperty (cpu=0:00:00.0 real=0:00:00.0 mem=817.3M) ***
Set Default Input Pin Transition as 0.1 ps.
**WARN: (GLOBAL-100):	Global 'timing_enable_default_delay_arc' has become obsolete. It will be removed in the next release.
Initializing multi-corner resistance tables ...
% Begin Load power constraints ... (date=07/17 12:59:39, mem=731.1M)
'set_default_switching_activity' finished successfully.
% End Load power constraints ... (date=07/17 12:59:39, total cpu=0:00:00.0, real=0:00:00.0, peak res=731.2M, current mem=731.2M)
Start generating vias ...
#Skip building auto via since it is not turned on.
Via generation completed.
% Begin load AAE data ... (date=07/17 12:59:39, mem=734.9M)
AAE DB initialization (MEM=848.348 CPU=0:00:00.1 REAL=0:00:00.0) 
**WARN: (IMPESI-621):	Timing window restoration data eosdb.dat not found. PBA-SI results may not match in save/restore flow.
% End load AAE data ... (date=07/17 12:59:39, total cpu=0:00:00.1, real=0:00:00.0, peak res=736.1M, current mem=736.1M)
Restoring CCOpt config...
  Extracting original clock gating for clk...
    clock_tree clk contains 1024 sinks and 0 clock gates.
    Extraction for clk complete.
  Extracting original clock gating for clk done.
Restoring CCOpt config done.
Total number of combinational cells: 26
Total number of sequential cells: 4
Total number of tristate cells: 2
Total number of level shifter cells: 0
Total number of power gating cells: 0
Total number of isolation cells: 0
Total number of power switch cells: 0
Total number of pulse generator cells: 0
Total number of always on buffers: 0
Total number of retention cells: 0
List of usable buffers: BUFX2 BUFX4 CLKBUF1
Total number of usable buffers: 3
List of unusable buffers:
Total number of unusable buffers: 0
List of usable inverters: INVX2 INVX1 INVX4 INVX8
Total number of usable inverters: 4
List of unusable inverters:
Total number of unusable inverters: 0
List of identified usable delay cells: CLKBUF2 CLKBUF3
Total number of identified usable delay cells: 2
List of identified unusable delay cells:
Total number of identified unusable delay cells: 0
#% End load design ... (date=07/17 12:59:39, total cpu=0:00:02.9, real=0:00:02.0, peak res=740.3M, current mem=740.3M)

*** Summary of all messages that are not suppressed in this session:
Severity  ID               Count  Summary                                  
WARNING   IMPLF-108            1  There is no overlap layer defined in any...
WARNING   IMPFP-710            1  File version %s is too old.              
WARNING   IMPFP-3961           2  The techSite '%s' has no related standar...
WARNING   IMPTS-124            2  Timing library description of pin '%s' i...
WARNING   IMPEXT-2766          3  The sheet resistance for layer %s is not...
WARNING   IMPEXT-2773          3  The via resistance between layers %s and...
WARNING   IMPCK-8086           4  The command %s is obsolete and will be r...
WARNING   IMPVL-159           68  Pin '%s' of cell '%s' is defined in LEF ...
WARNING   IMPESI-621           1  Timing window restoration data eosdb.dat...
WARNING   IMPPP-556            2  A SAMENET rule between different layers ...
WARNING   IMPPP-557            3  A single-layer VIARULE GENERATE for turn...
WARNING   IMPTCM-77            1  Option "%s" for command %s is obsolete a...
WARNING   GLOBAL-100           2  Global '%s' has become obsolete. It will...
WARNING   TECHLIB-436         20  Attribute '%s' on '%s' pin '%s' of cell ...
*** Message Summary: 113 warning(s), 0 error(s)

<CMD> win
<CMD> setResizeFPlanMode -ioProportional true -honorHalo true -shrinkFence false -snapToTrack true -congAware true
<CMD> suppressMessage -silent IMPSYC-881
<CMD_INTERNAL> setBetaFeature encExploreDieSize 1
<CMD> setPlaceMode -fp true -timingdriven false -reorderScan false -doCongOpt false
<CMD> placeDesign
*** Starting placeDesign default flow ***
*** Start deleteBufferTree ***
Info: Detect buffers to remove automatically.
Analyzing netlist ...
Updating netlist

*summary: 3277 instances (buffers/inverters) removed
*** Finish deleteBufferTree (0:00:01.1) ***
*** ThreeLayerMode is automatically turned on for small designs with less than 4 layers.
Deleted 30588 physical insts (cell FILL / prefix FILL).
*** Starting "NanoPlace(TM) placement v#10 (mem=1282.5M)" ...
User setting net weight histogram:
3		: 0 nets
4		: 0 nets
5		: 0 nets
6   -	10	: 0 nets
11   -	15	: 0 nets
16   -	19	: 0 nets
20   -	63	: 96 nets
64   -	255	: 0 nets
256   -	511	: 0 nets
512+		: 0 nets
Options: clkGateAware pinGuide congEffort=low gpeffort=fp 
#std cell=15089 (78 fixed + 15011 movable) #block=0 (0 floating + 0 preplaced)
#ioInst=0 #net=15517 #term=49950 #term/net=3.22, #fixedIo=0, #floatIo=0, #fixedPin=0, #floatPin=163
stdCell: 15089 single + 0 double + 0 multi
Total standard cell length = 163.1088 (mm), area = 4.8933 (mm^2)
Estimated cell power/ground rail width = 2.343 um
Average module density = 0.600.
Density for the design = 0.600.
       = stdcell_area 67962 sites (4893264 um^2) / alloc_area 113311 sites (8158396 um^2).
Pin Density = 0.4404.
            = total # of pins 49950 / total area 113430.
=== lastAutoLevel = 8 
**WARN: (IMPSP-9531):	Turning off clkGateAware when timingDriven is off
Iteration  1: Total net bbox = 8.823e+05 (4.20e+05 4.62e+05)
              Est.  stn bbox = 9.921e+05 (4.72e+05 5.20e+05)
              cpu = 0:00:00.5 real = 0:00:00.0 mem = 1280.7M
Iteration  2: Total net bbox = 8.823e+05 (4.20e+05 4.62e+05)
              Est.  stn bbox = 9.921e+05 (4.72e+05 5.20e+05)
              cpu = 0:00:00.0 real = 0:00:00.0 mem = 1280.7M
Iteration  3: Total net bbox = 6.248e+05 (2.94e+05 3.30e+05)
              Est.  stn bbox = 8.453e+05 (3.97e+05 4.48e+05)
              cpu = 0:00:00.9 real = 0:00:01.0 mem = 1298.7M
Iteration  4: Total net bbox = 1.328e+06 (7.42e+05 5.85e+05)
              Est.  stn bbox = 1.824e+06 (1.07e+06 7.53e+05)
              cpu = 0:00:01.1 real = 0:00:01.0 mem = 1298.7M
Iteration  5: Total net bbox = 1.689e+06 (1.01e+06 6.82e+05)
              Est.  stn bbox = 2.349e+06 (1.43e+06 9.22e+05)
              cpu = 0:00:01.2 real = 0:00:01.0 mem = 1298.7M
Iteration  6: Total net bbox = 1.822e+06 (1.06e+06 7.66e+05)
              Est.  stn bbox = 2.504e+06 (1.49e+06 1.01e+06)
              cpu = 0:00:02.7 real = 0:00:02.0 mem = 1300.7M
Iteration  7: Total net bbox = 2.282e+06 (1.33e+06 9.53e+05)
              Est.  stn bbox = 2.982e+06 (1.77e+06 1.21e+06)
              cpu = 0:00:00.0 real = 0:00:00.0 mem = 1300.7M
Iteration  8: Total net bbox = 2.282e+06 (1.33e+06 9.53e+05)
              Est.  stn bbox = 2.982e+06 (1.77e+06 1.21e+06)
              cpu = 0:00:00.0 real = 0:00:00.0 mem = 1300.7M
Iteration  9: Total net bbox = 2.282e+06 (1.32e+06 9.63e+05)
              Est.  stn bbox = 2.982e+06 (1.76e+06 1.22e+06)
              cpu = 0:00:02.1 real = 0:00:02.0 mem = 1300.7M
Iteration 10: Total net bbox = 2.282e+06 (1.32e+06 9.63e+05)
              Est.  stn bbox = 2.982e+06 (1.76e+06 1.22e+06)
              cpu = 0:00:00.0 real = 0:00:00.0 mem = 1300.7M
Iteration 11: Total net bbox = 2.328e+06 (1.35e+06 9.81e+05)
              Est.  stn bbox = 3.031e+06 (1.79e+06 1.24e+06)
              cpu = 0:00:02.8 real = 0:00:03.0 mem = 1300.7M
Iteration 12: Total net bbox = 2.328e+06 (1.35e+06 9.81e+05)
              Est.  stn bbox = 3.031e+06 (1.79e+06 1.24e+06)
              cpu = 0:00:00.0 real = 0:00:00.0 mem = 1300.7M
Iteration 13: Total net bbox = 2.328e+06 (1.35e+06 9.81e+05)
              Est.  stn bbox = 3.031e+06 (1.79e+06 1.24e+06)
              cpu = 0:00:00.0 real = 0:00:00.0 mem = 1300.7M
*** cost = 2.328e+06 (1.35e+06 9.81e+05) (cpu for global=0:00:11.6) real=0:00:12.0***
Solver runtime cpu: 0:00:10.3 real: 0:00:10.3
Core Placement runtime cpu: 0:00:11.4 real: 0:00:12.0
*** End of Placement (cpu=0:00:11.7, real=0:00:12.0, mem=1300.7M) ***
*** Finishing placeDesign default flow ***
**placeDesign ... cpu = 0: 0:13, real = 0: 0:14, mem = 1296.8M **
INFO: Finished placeDesign in floorplan mode - no legalization done.


*** Summary of all messages that are not suppressed in this session:
Severity  ID               Count  Summary                                  
WARNING   IMPSP-9531           1  Turning off clkGateAware when timingDriv...
*** Message Summary: 1 warning(s), 0 error(s)

**WARN: (IMPTR-9999):	The trialRoute command is obsolete and should not be used anymore.  It still works in this release but will be removed in a future release.  You should change to use earlyGlobalRoute to avoid this warning and to be compatible with future releases.
*** Starting trialRoute (mem=1296.8M) ***

There are 0 guide points passed to trialRoute for fixed pins.
There are 0 guide points passed to trialRoute for pinGroup/netGroup/pinGuide pins.
**WARN: (IMPTR-7102):	There are 163 unplaced pins or pins without metal layer geometry or M0 terms without V01. Router cannot connect to such terms.
Physical geometry is required for a pin and these pins need to be placed in the design for the router to make connections.
Options:  -maxRouteLayer 3 -handlePreroute -keepMarkedOptRoutes -noPinGuide

Nr of prerouted/Fixed nets = 0

Phase 1a-1d Overflow: 5.54% H + 19.65% V (0:00:00.2 1297.8M)

Phase 1e-1f Overflow: 0.55% H + 9.84% V (0:00:00.2 1297.8M)

Phase 1l Overflow: 0.55% H + 9.84% V (0:00:00.0 1297.8M)


Congestion distribution:

Remain	cntH		cntV
--------------------------------------
 -3:	0	 0.00%	5	 0.02%
 -2:	4	 0.02%	239	 1.03%
 -1:	126	 0.53%	1942	 8.35%
--------------------------------------
  0:	2046	 8.54%	7568	32.55%
  1:	2597	10.84%	3354	14.43%
  2:	2672	11.15%	2697	11.60%
  3:	2784	11.62%	2402	10.33%
  4:	2644	11.04%	2293	 9.86%
  5:	11085	46.27%	2747	11.82%


Total length: 2.690e+06um, number of vias: 97673
M1(H) length: 5.959e+04um, number of vias: 49720
M2(V) length: 1.288e+06um, number of vias: 47953
M3(H) length: 1.342e+06um

**WARN: (IMPTR-7102):	There are 163 unplaced pins or pins without metal layer geometry or M0 terms without V01. Router cannot connect to such terms.
Physical geometry is required for a pin and these pins need to be placed in the design for the router to make connections.
Peak Memory Usage was 1297.8M 
*** Finished trialRoute (cpu=0:00:01.2 mem=1297.8M) ***

<CMD> setPlaceMode -fp true -timingdriven false -reorderScan false -doCongOpt false
<CMD> placeDesign
*** Starting placeDesign default flow ***
*** Start deleteBufferTree ***
Info: Detect buffers to remove automatically.
Analyzing netlist ...
Updating netlist

*summary: 0 instances (buffers/inverters) removed
*** Finish deleteBufferTree (0:00:00.6) ***
*** ThreeLayerMode is automatically turned on for small designs with less than 4 layers.
Deleted 0 physical inst  (cell FILL / prefix FILL).
*** Starting "NanoPlace(TM) placement v#10 (mem=1313.6M)" ...
User setting net weight histogram:
3		: 0 nets
4		: 0 nets
5		: 0 nets
6   -	10	: 0 nets
11   -	15	: 0 nets
16   -	19	: 0 nets
20   -	63	: 96 nets
64   -	255	: 0 nets
256   -	511	: 0 nets
512+		: 0 nets
Options: clkGateAware pinGuide congEffort=low gpeffort=fp 
#std cell=15089 (78 fixed + 15011 movable) #block=0 (0 floating + 0 preplaced)
#ioInst=0 #net=15517 #term=49950 #term/net=3.22, #fixedIo=0, #floatIo=0, #fixedPin=0, #floatPin=163
stdCell: 15089 single + 0 double + 0 multi
Total standard cell length = 163.1088 (mm), area = 4.8933 (mm^2)
Average module density = 0.600.
Density for the design = 0.600.
       = stdcell_area 67962 sites (4893264 um^2) / alloc_area 113311 sites (8158396 um^2).
Pin Density = 0.4404.
            = total # of pins 49950 / total area 113430.
=== lastAutoLevel = 8 
**WARN: (IMPSP-9531):	Turning off clkGateAware when timingDriven is off
Iteration  1: Total net bbox = 8.823e+05 (4.20e+05 4.62e+05)
              Est.  stn bbox = 9.921e+05 (4.72e+05 5.20e+05)
              cpu = 0:00:00.5 real = 0:00:00.0 mem = 1301.8M
Iteration  2: Total net bbox = 8.823e+05 (4.20e+05 4.62e+05)
              Est.  stn bbox = 9.921e+05 (4.72e+05 5.20e+05)
              cpu = 0:00:00.0 real = 0:00:00.0 mem = 1301.8M
Iteration  3: Total net bbox = 6.248e+05 (2.94e+05 3.30e+05)
              Est.  stn bbox = 8.453e+05 (3.97e+05 4.48e+05)
              cpu = 0:00:00.9 real = 0:00:01.0 mem = 1302.8M
Iteration  4: Total net bbox = 1.328e+06 (7.42e+05 5.85e+05)
              Est.  stn bbox = 1.824e+06 (1.07e+06 7.53e+05)
              cpu = 0:00:01.1 real = 0:00:01.0 mem = 1302.8M
Iteration  5: Total net bbox = 1.689e+06 (1.01e+06 6.82e+05)
              Est.  stn bbox = 2.349e+06 (1.43e+06 9.22e+05)
              cpu = 0:00:01.2 real = 0:00:01.0 mem = 1302.8M
Iteration  6: Total net bbox = 1.822e+06 (1.06e+06 7.66e+05)
              Est.  stn bbox = 2.504e+06 (1.49e+06 1.01e+06)
              cpu = 0:00:02.6 real = 0:00:03.0 mem = 1305.1M
Iteration  7: Total net bbox = 2.282e+06 (1.33e+06 9.53e+05)
              Est.  stn bbox = 2.982e+06 (1.77e+06 1.21e+06)
              cpu = 0:00:00.0 real = 0:00:00.0 mem = 1305.1M
Iteration  8: Total net bbox = 2.282e+06 (1.33e+06 9.53e+05)
              Est.  stn bbox = 2.982e+06 (1.77e+06 1.21e+06)
              cpu = 0:00:00.0 real = 0:00:00.0 mem = 1305.1M
Iteration  9: Total net bbox = 2.282e+06 (1.32e+06 9.63e+05)
              Est.  stn bbox = 2.982e+06 (1.76e+06 1.22e+06)
              cpu = 0:00:02.1 real = 0:00:02.0 mem = 1305.1M
Iteration 10: Total net bbox = 2.282e+06 (1.32e+06 9.63e+05)
              Est.  stn bbox = 2.982e+06 (1.76e+06 1.22e+06)
              cpu = 0:00:00.0 real = 0:00:00.0 mem = 1305.1M
Iteration 11: Total net bbox = 2.328e+06 (1.35e+06 9.81e+05)
              Est.  stn bbox = 3.031e+06 (1.79e+06 1.24e+06)
              cpu = 0:00:02.7 real = 0:00:03.0 mem = 1305.1M
Iteration 12: Total net bbox = 2.328e+06 (1.35e+06 9.81e+05)
              Est.  stn bbox = 3.031e+06 (1.79e+06 1.24e+06)
              cpu = 0:00:00.0 real = 0:00:00.0 mem = 1305.1M
Iteration 13: Total net bbox = 2.328e+06 (1.35e+06 9.81e+05)
              Est.  stn bbox = 3.031e+06 (1.79e+06 1.24e+06)
              cpu = 0:00:00.0 real = 0:00:00.0 mem = 1305.1M
*** cost = 2.328e+06 (1.35e+06 9.81e+05) (cpu for global=0:00:11.4) real=0:00:11.0***
Solver runtime cpu: 0:00:10.2 real: 0:00:10.2
Core Placement runtime cpu: 0:00:11.2 real: 0:00:11.0
*** End of Placement (cpu=0:00:11.5, real=0:00:12.0, mem=1305.1M) ***
*** Finishing placeDesign default flow ***
**placeDesign ... cpu = 0: 0:12, real = 0: 0:12, mem = 1299.9M **
INFO: Finished placeDesign in floorplan mode - no legalization done.


*** Summary of all messages that are not suppressed in this session:
Severity  ID               Count  Summary                                  
WARNING   IMPSP-9531           1  Turning off clkGateAware when timingDriv...
*** Message Summary: 1 warning(s), 0 error(s)

**WARN: (IMPTR-9999):	The trialRoute command is obsolete and should not be used anymore.  It still works in this release but will be removed in a future release.  You should change to use earlyGlobalRoute to avoid this warning and to be compatible with future releases.
*** Starting trialRoute (mem=1299.9M) ***

There are 0 guide points passed to trialRoute for fixed pins.
There are 0 guide points passed to trialRoute for pinGroup/netGroup/pinGuide pins.
**WARN: (IMPTR-7102):	There are 163 unplaced pins or pins without metal layer geometry or M0 terms without V01. Router cannot connect to such terms.
Physical geometry is required for a pin and these pins need to be placed in the design for the router to make connections.
Options:  -maxRouteLayer 3 -handlePreroute -keepMarkedOptRoutes -noPinGuide

Nr of prerouted/Fixed nets = 0

Phase 1a-1d Overflow: 5.54% H + 19.65% V (0:00:00.2 1299.9M)

Phase 1e-1f Overflow: 0.55% H + 9.84% V (0:00:00.2 1300.9M)

Phase 1l Overflow: 0.55% H + 9.84% V (0:00:00.0 1300.9M)


Congestion distribution:

Remain	cntH		cntV
--------------------------------------
 -3:	0	 0.00%	5	 0.02%
 -2:	4	 0.02%	239	 1.03%
 -1:	126	 0.53%	1942	 8.35%
--------------------------------------
  0:	2046	 8.54%	7568	32.55%
  1:	2597	10.84%	3354	14.43%
  2:	2672	11.15%	2697	11.60%
  3:	2784	11.62%	2402	10.33%
  4:	2644	11.04%	2293	 9.86%
  5:	11085	46.27%	2747	11.82%


Total length: 2.690e+06um, number of vias: 97673
M1(H) length: 5.959e+04um, number of vias: 49720
M2(V) length: 1.288e+06um, number of vias: 47953
M3(H) length: 1.342e+06um

**WARN: (IMPTR-7102):	There are 163 unplaced pins or pins without metal layer geometry or M0 terms without V01. Router cannot connect to such terms.
Physical geometry is required for a pin and these pins need to be placed in the design for the router to make connections.
Peak Memory Usage was 1300.9M 
*** Finished trialRoute (cpu=0:00:01.2 mem=1300.9M) ***

resizeFP value y after snapping 1425.000
resizeFP value y after snapping 1425.000
<CMD> floorPlan -site core -b 0.000000 0.000000 4461.600098 4443.000000 0.000000 0.000000 4461.600098 4443.000000 81.599998 84.000000 4380.000000 4359.000000
Horizontal Layer M1 offset = 1500 (derived)
Vertical Layer M2 offset = 1200 (derived)
**WARN: (IMPFP-317):	After shiftBased resize, ROUTED pre-routed wires will be removed and FIXED pre-routed wires will be retained.
<CMD> current_design
<CMD> getDrawView
<CMD> setDrawView fplan
After resizeFP, 125.0000% core area expanded
<CMD> fit

*** Memory Usage v#1 (Current mem = 1301.895M, initial mem = 183.406M) ***
*** Message Summary: 122 warning(s), 0 error(s)

--- Ending "Innovus" (totcpu=0:00:53.0, real=0:03:21, mem=1301.9M) ---
