###############################################################
#  Generated by:      Cadence Innovus 19.15-s075_1
#  OS:                Linux x86_64(Host ID rivendell.ecen.okstate.edu)
#  Generated on:      Mon Aug 10 11:43:44 2020
#  Design:            riscv
#  Command:           checkDesign -all
###############################################################
Design: riscv

------ Design Summary:
Total Standard Cell Number   (cells) : 387769
Total Block Cell Number      (cells) : 0
Total I/O Pad Cell Number    (cells) : 0
Total Standard Cell Area     ( um^2) : 34977744.00
Total Block Cell Area        ( um^2) : 0.00
Total I/O Pad Cell Area      ( um^2) : 0.00

------ Design Statistics:

Number of Instances            : 387769
Number of Non-uniquified Insts : 387769
Number of Nets                 : 32468
Average number of Pins per Net : 2.82
Maximum number of Pins in Net  : 33

------ I/O Port summary

Number of Primary I/O Ports    : 163
Number of Input Ports          : 66
Number of Output Ports         : 97
Number of Bidirectional Ports  : 0
Number of Power/Ground Ports   : 0



------------------------------------------------------------
Detail report:


------ I/O Pad/Port Checking


