
Cadence Innovus(TM) Implementation System.
Copyright 2017 Cadence Design Systems, Inc. All rights reserved worldwide.

Version:	v17.11-s080_1, built Fri Aug 4 11:13:11 PDT 2017
Options:	-init FF/INNOVUS/run_init.tcl -log LOG/init.log -overwrite -nowin 
Date:		Tue Jul 21 17:25:16 2020
Host:		rivendell.ecen.okstate.edu (x86_64 w/Linux 2.6.32-754.25.1.el6.x86_64) (6cores*12cpus*Intel(R) Xeon(R) CPU E5-4617 0 @ 2.90GHz 15360KB)
OS:		Red Hat Enterprise Linux Server release 6.10 (Santiago)

License:
		invs	Innovus Implementation System	17.1	checkout succeeded
		8 CPU jobs allowed with the current license(s). Use setMultiCpuUsage to set your required CPU count.
Change the soft stacksize limit to 0.2%RAM (258 mbytes). Set global soft_stack_size_limit to change the value.

**INFO:  MMMC transition support version v31-84 

<CMD> set_global _enable_mmmc_by_default_flow      $CTE::mmmc_default
<CMD> suppressMessage ENCEXT-2799
<CMD> getVersion
Sourcing file "FF/INNOVUS/run_init.tcl" ...
<CMD> set init_io_file encounter.io
<FF> Finished loading setup.tcl
<CMD> setDistributeHost -local
The timeout for a remote job to respond is 30 seconds.
Submit command for task runs will be: local
<CMD> setMultiCpuUsage -localCpu 1
<FF> LOADING 'pre_init_tcl' PLUG-IN FILE(s) 
<FF> -> PLUG/INNOVUS/pre_init.tcl
<CMD> set init_layout_view {}
<CMD> set init_verilog /home/rjridle/risc-v-chisel/fabcds/synth/mapped/riscv.vh
<CMD> set init_mmmc_file /home/rjridle/risc-v-chisel/fabcds/par/FF/view_definition.tcl
<CMD> set init_lef_file /classes/ecen4303F19/osu_soc_3.0/lib/ami05/lib/osu05_stdcells.lef
<CMD> set init_top_cell riscv
<CMD> set init_gnd_net VSS
<CMD> set init_pwr_net VDD
<CMD> init_design
#% Begin Load MMMC data ... (date=07/21 17:25:27, mem=400.4M)
#% End Load MMMC data ... (date=07/21 17:25:27, total cpu=0:00:00.0, real=0:00:00.0, peak res=400.5M, current mem=400.5M)
rc_typ

Loading LEF file /classes/ecen4303F19/osu_soc_3.0/lib/ami05/lib/osu05_stdcells.lef ...
**WARN: (IMPLF-108):	There is no overlap layer defined in any LEF file
so you are unable to create rectilinear partition in a hierarchical flow.
Set DBUPerIGU to M2 pitch 2400.

viaInitial starts at Tue Jul 21 17:25:27 2020
**WARN: (IMPPP-556):	A SAMENET rule between different layers for a 4 layer technology is probably a mistake. Stacked vias will be difficult to create and probably will not be what expected. Check if this rule can be removed from the technology file: SAMENET cc via 0.150 ;
**WARN: (IMPPP-556):	A SAMENET rule between different layers for a 4 layer technology is probably a mistake. Stacked vias will be difficult to create and probably will not be what expected. Check if this rule can be removed from the technology file: SAMENET via via2 0.150 ;
**WARN: (IMPPP-557):	A single-layer VIARULE GENERATE for turn-vias is obsolete and is being ignored. Remove this statement from the technology file: VIARULE TURN1 GENERATE.
Type 'man IMPPP-557' for more detail.
**WARN: (IMPPP-557):	A single-layer VIARULE GENERATE for turn-vias is obsolete and is being ignored. Remove this statement from the technology file: VIARULE TURN2 GENERATE.
Type 'man IMPPP-557' for more detail.
**WARN: (IMPPP-557):	A single-layer VIARULE GENERATE for turn-vias is obsolete and is being ignored. Remove this statement from the technology file: VIARULE TURN3 GENERATE.
Type 'man IMPPP-557' for more detail.
viaInitial ends at Tue Jul 21 17:25:27 2020
Loading view definition file from /home/rjridle/risc-v-chisel/fabcds/par/FF/view_definition.tcl
Reading libs_tt timing library '/classes/ecen4303F19/osu_soc_3.0/lib/ami05/lib/osu05_stdcells.lib' ...
**WARN: (TECHLIB-436):	Attribute 'fanout_load' on 'input/inout' pin 'A' of cell 'AND2X1' is not defined in the library. (File /classes/ecen4303F19/osu_soc_3.0/lib/ami05/lib/osu05_stdcells.lib)
**WARN: (TECHLIB-436):	Attribute 'fanout_load' on 'input/inout' pin 'B' of cell 'AND2X1' is not defined in the library. (File /classes/ecen4303F19/osu_soc_3.0/lib/ami05/lib/osu05_stdcells.lib)
**WARN: (TECHLIB-436):	Attribute 'max_fanout' on 'output/inout' pin 'Y' of cell 'AND2X1' is not defined in the library. (File /classes/ecen4303F19/osu_soc_3.0/lib/ami05/lib/osu05_stdcells.lib)
**WARN: (TECHLIB-436):	Attribute 'fanout_load' on 'input/inout' pin 'A' of cell 'AND2X2' is not defined in the library. (File /classes/ecen4303F19/osu_soc_3.0/lib/ami05/lib/osu05_stdcells.lib)
**WARN: (TECHLIB-436):	Attribute 'fanout_load' on 'input/inout' pin 'B' of cell 'AND2X2' is not defined in the library. (File /classes/ecen4303F19/osu_soc_3.0/lib/ami05/lib/osu05_stdcells.lib)
**WARN: (TECHLIB-436):	Attribute 'max_fanout' on 'output/inout' pin 'Y' of cell 'AND2X2' is not defined in the library. (File /classes/ecen4303F19/osu_soc_3.0/lib/ami05/lib/osu05_stdcells.lib)
**WARN: (TECHLIB-436):	Attribute 'fanout_load' on 'input/inout' pin 'A' of cell 'AOI21X1' is not defined in the library. (File /classes/ecen4303F19/osu_soc_3.0/lib/ami05/lib/osu05_stdcells.lib)
**WARN: (TECHLIB-436):	Attribute 'fanout_load' on 'input/inout' pin 'B' of cell 'AOI21X1' is not defined in the library. (File /classes/ecen4303F19/osu_soc_3.0/lib/ami05/lib/osu05_stdcells.lib)
**WARN: (TECHLIB-436):	Attribute 'fanout_load' on 'input/inout' pin 'C' of cell 'AOI21X1' is not defined in the library. (File /classes/ecen4303F19/osu_soc_3.0/lib/ami05/lib/osu05_stdcells.lib)
**WARN: (TECHLIB-436):	Attribute 'max_fanout' on 'output/inout' pin 'Y' of cell 'AOI21X1' is not defined in the library. (File /classes/ecen4303F19/osu_soc_3.0/lib/ami05/lib/osu05_stdcells.lib)
**WARN: (TECHLIB-436):	Attribute 'fanout_load' on 'input/inout' pin 'A' of cell 'AOI22X1' is not defined in the library. (File /classes/ecen4303F19/osu_soc_3.0/lib/ami05/lib/osu05_stdcells.lib)
**WARN: (TECHLIB-436):	Attribute 'fanout_load' on 'input/inout' pin 'B' of cell 'AOI22X1' is not defined in the library. (File /classes/ecen4303F19/osu_soc_3.0/lib/ami05/lib/osu05_stdcells.lib)
**WARN: (TECHLIB-436):	Attribute 'fanout_load' on 'input/inout' pin 'C' of cell 'AOI22X1' is not defined in the library. (File /classes/ecen4303F19/osu_soc_3.0/lib/ami05/lib/osu05_stdcells.lib)
**WARN: (TECHLIB-436):	Attribute 'fanout_load' on 'input/inout' pin 'D' of cell 'AOI22X1' is not defined in the library. (File /classes/ecen4303F19/osu_soc_3.0/lib/ami05/lib/osu05_stdcells.lib)
**WARN: (TECHLIB-436):	Attribute 'max_fanout' on 'output/inout' pin 'Y' of cell 'AOI22X1' is not defined in the library. (File /classes/ecen4303F19/osu_soc_3.0/lib/ami05/lib/osu05_stdcells.lib)
**WARN: (TECHLIB-436):	Attribute 'fanout_load' on 'input/inout' pin 'A' of cell 'BUFX2' is not defined in the library. (File /classes/ecen4303F19/osu_soc_3.0/lib/ami05/lib/osu05_stdcells.lib)
**WARN: (TECHLIB-436):	Attribute 'max_fanout' on 'output/inout' pin 'Y' of cell 'BUFX2' is not defined in the library. (File /classes/ecen4303F19/osu_soc_3.0/lib/ami05/lib/osu05_stdcells.lib)
**WARN: (TECHLIB-436):	Attribute 'fanout_load' on 'input/inout' pin 'A' of cell 'BUFX4' is not defined in the library. (File /classes/ecen4303F19/osu_soc_3.0/lib/ami05/lib/osu05_stdcells.lib)
**WARN: (TECHLIB-436):	Attribute 'max_fanout' on 'output/inout' pin 'Y' of cell 'BUFX4' is not defined in the library. (File /classes/ecen4303F19/osu_soc_3.0/lib/ami05/lib/osu05_stdcells.lib)
**WARN: (TECHLIB-436):	Attribute 'fanout_load' on 'input/inout' pin 'A' of cell 'CLKBUF1' is not defined in the library. (File /classes/ecen4303F19/osu_soc_3.0/lib/ami05/lib/osu05_stdcells.lib)
Message <TECHLIB-436> has exceeded the message display limit of '20'. Use 'set_message -no_limit -id list_of_msgIDs' to reset the message limit.
Read 39 cells in library 'osu05_stdcells' 
*** End library_loading (cpu=0.00min, real=0.00min, mem=19.9M, fe_cpu=0.18min, fe_real=0.18min, fe_mem=470.2M) ***
#% Begin Load netlist data ... (date=07/21 17:25:27, mem=435.4M)
*** Begin netlist parsing (mem=470.2M) ***
**WARN: (IMPVL-159):	Pin 'YPAD' of cell 'PADGND' is defined in LEF but not in the timing library.
**WARN: (IMPVL-159):	Pin 'gnd' of cell 'PADGND' is defined in LEF but not in the timing library.
**WARN: (IMPVL-159):	Pin 'YPAD' of cell 'PADVDD' is defined in LEF but not in the timing library.
**WARN: (IMPVL-159):	Pin 'vdd' of cell 'PADVDD' is defined in LEF but not in the timing library.
**WARN: (IMPVL-159):	Pin 'gnd' of cell 'XOR2X1' is defined in LEF but not in the timing library.
**WARN: (IMPVL-159):	Pin 'vdd' of cell 'XOR2X1' is defined in LEF but not in the timing library.
**WARN: (IMPVL-159):	Pin 'gnd' of cell 'XNOR2X1' is defined in LEF but not in the timing library.
**WARN: (IMPVL-159):	Pin 'vdd' of cell 'XNOR2X1' is defined in LEF but not in the timing library.
**WARN: (IMPVL-159):	Pin 'gnd' of cell 'TBUFX2' is defined in LEF but not in the timing library.
**WARN: (IMPVL-159):	Pin 'vdd' of cell 'TBUFX2' is defined in LEF but not in the timing library.
**WARN: (IMPVL-159):	Pin 'gnd' of cell 'TBUFX1' is defined in LEF but not in the timing library.
**WARN: (IMPVL-159):	Pin 'vdd' of cell 'TBUFX1' is defined in LEF but not in the timing library.
**WARN: (IMPVL-159):	Pin 'gnd' of cell 'OR2X2' is defined in LEF but not in the timing library.
**WARN: (IMPVL-159):	Pin 'vdd' of cell 'OR2X2' is defined in LEF but not in the timing library.
**WARN: (IMPVL-159):	Pin 'gnd' of cell 'OR2X1' is defined in LEF but not in the timing library.
**WARN: (IMPVL-159):	Pin 'vdd' of cell 'OR2X1' is defined in LEF but not in the timing library.
**WARN: (IMPVL-159):	Pin 'gnd' of cell 'OAI22X1' is defined in LEF but not in the timing library.
**WARN: (IMPVL-159):	Pin 'vdd' of cell 'OAI22X1' is defined in LEF but not in the timing library.
**WARN: (IMPVL-159):	Pin 'gnd' of cell 'OAI21X1' is defined in LEF but not in the timing library.
**WARN: (IMPVL-159):	Pin 'vdd' of cell 'OAI21X1' is defined in LEF but not in the timing library.
**WARN: (EMS-27):	Message (IMPVL-159) has exceeded the current message display limit of 20.
To increase the message display limit, refer to the product command reference manual.
Created 39 new cells from 1 timing libraries.
Reading netlist ...
Backslashed names will retain backslash and a trailing blank character.
Reading verilog netlist '/home/rjridle/risc-v-chisel/fabcds/synth/mapped/riscv.vh'

*** Memory Usage v#1 (Current mem = 472.152M, initial mem = 183.406M) ***
*** End netlist parsing (cpu=0:00:00.1, real=0:00:00.0, mem=472.2M) ***
#% End Load netlist data ... (date=07/21 17:25:27, total cpu=0:00:00.1, real=0:00:00.0, peak res=435.4M, current mem=418.0M)
Set top cell to riscv.
**WARN: (IMPTS-124):	Timing library description of pin 'YPAD' is missing from cell 'PADGND' in timing library 'osu05_stdcells'.
**WARN: (IMPTS-124):	Timing library description of pin 'YPAD' is missing from cell 'PADVDD' in timing library 'osu05_stdcells'.
Hooked 39 DB cells to tlib cells.
Starting recursive module instantiation check.
No recursion found.
Building hierarchical netlist for Cell riscv ...
*** Netlist is unique.
** info: there are 41 modules.
** info: there are 12058 stdCell insts.

*** Memory Usage v#1 (Current mem = 513.574M, initial mem = 183.406M) ***
Reading IO assignment file "encounter.io" ...
**Warn: ignored IO file "encounter.io" line 9: Pad: c01 NW
  Reason: unable to determine object from name.
**Warn: ignored IO file "encounter.io" line 11: Pad: c02 NE
  Reason: unable to determine object from name.
**Warn: ignored IO file "encounter.io" line 13: Pad: c03 SE
  Reason: unable to determine object from name.
**Warn: ignored IO file "encounter.io" line 15: Pad: c04 SW
  Reason: unable to determine object from name.
**Warn: ignored IO file "encounter.io" line 20: Pad: p39 N
  Reason: unable to determine object from name.
**Warn: ignored IO file "encounter.io" line 22: Pad: p38 N
  Reason: unable to determine object from name.
**Warn: ignored IO file "encounter.io" line 24: Pad: p37 N
  Reason: unable to determine object from name.
**Warn: ignored IO file "encounter.io" line 26: Pad: p36 N
  Reason: unable to determine object from name.
**Warn: ignored IO file "encounter.io" line 28: Pad: p35 N
  Reason: unable to determine object from name.
**Warn: ignored IO file "encounter.io" line 30: Pad: p34 N
  Reason: unable to determine object from name.
**Warn: ignored IO file "encounter.io" line 32: Pad: p33 N
  Reason: unable to determine object from name.
**Warn: ignored IO file "encounter.io" line 34: Pad: p32 N
  Reason: unable to determine object from name.
**Warn: ignored IO file "encounter.io" line 36: Pad: p31 N
  Reason: unable to determine object from name.
**Warn: ignored IO file "encounter.io" line 38: Pad: p30 N
  Reason: unable to determine object from name.
**Warn: ignored IO file "encounter.io" line 43: Pad: p29 W
  Reason: unable to determine object from name.
**Warn: ignored IO file "encounter.io" line 45: Pad: p28 W
  Reason: unable to determine object from name.
**Warn: ignored IO file "encounter.io" line 47: Pad: p27 W
  Reason: unable to determine object from name.
**Warn: ignored IO file "encounter.io" line 49: Pad: p26 W
  Reason: unable to determine object from name.
**Warn: ignored IO file "encounter.io" line 51: Pad: p25 W
  Reason: unable to determine object from name.
**Warn: ignored IO file "encounter.io" line 53: Pad: p24 W
  Reason: unable to determine object from name.
**Warn: ignored IO file "encounter.io" line 55: Pad: p23 W
  Reason: unable to determine object from name.
**Warn: ignored IO file "encounter.io" line 57: Pad: p22 W
  Reason: unable to determine object from name.
**Warn: ignored IO file "encounter.io" line 59: Pad: p21 W
  Reason: unable to determine object from name.
**Warn: ignored IO file "encounter.io" line 61: Pad: p20 W
  Reason: unable to determine object from name.
**Warn: ignored IO file "encounter.io" line 66: Pad: p19 S
  Reason: unable to determine object from name.
**Warn: ignored IO file "encounter.io" line 68: Pad: p18 S
  Reason: unable to determine object from name.
**Warn: ignored IO file "encounter.io" line 70: Pad: p17 S
  Reason: unable to determine object from name.
**Warn: ignored IO file "encounter.io" line 72: Pad: p16 S
  Reason: unable to determine object from name.
**Warn: ignored IO file "encounter.io" line 74: Pad: p15 S
  Reason: unable to determine object from name.
**Warn: ignored IO file "encounter.io" line 76: Pad: p14 S
  Reason: unable to determine object from name.
**Warn: ignored IO file "encounter.io" line 78: Pad: p13 S
  Reason: unable to determine object from name.
**Warn: ignored IO file "encounter.io" line 80: Pad: p12 S
  Reason: unable to determine object from name.
**Warn: ignored IO file "encounter.io" line 82: Pad: p11 S
  Reason: unable to determine object from name.
**Warn: ignored IO file "encounter.io" line 84: Pad: p10 S
  Reason: unable to determine object from name.
**Warn: ignored IO file "encounter.io" line 89: Pad: p09 E
  Reason: unable to determine object from name.
**Warn: ignored IO file "encounter.io" line 91: Pad: p08 E
  Reason: unable to determine object from name.
**Warn: ignored IO file "encounter.io" line 93: Pad: p07 E
  Reason: unable to determine object from name.
**Warn: ignored IO file "encounter.io" line 95: Pad: p06 E
  Reason: unable to determine object from name.
**Warn: ignored IO file "encounter.io" line 97: Pad: p05 E
  Reason: unable to determine object from name.
**Warn: ignored IO file "encounter.io" line 99: Pad: p04 E
  Reason: unable to determine object from name.
**Warn: ignored IO file "encounter.io" line 101: Pad: p03 E
  Reason: unable to determine object from name.
**Warn: ignored IO file "encounter.io" line 103: Pad: p02 E
  Reason: unable to determine object from name.
**Warn: ignored IO file "encounter.io" line 105: Pad: p01 E
  Reason: unable to determine object from name.
**Warn: ignored IO file "encounter.io" line 107: Pad: p00 E
  Reason: unable to determine object from name.
**WARN: (IMPFP-710):	File version 0 is too old.
IO file version '0' is too old, will try to place io cell any way.
**WARN: (IMPFP-3961):	The techSite 'IO' has no related standard cells in LEF/OA library. Cannot make calculations for this site type unless standard cell models of this type exist in the LEF/OA library. If the SITE is not used by the library you can ignore this warning or remove the SITE definition from the LEF/OA to avoid this message.
Type 'man IMPFP-3961' for more detail.
**WARN: (IMPFP-3961):	The techSite 'corner' has no related standard cells in LEF/OA library. Cannot make calculations for this site type unless standard cell models of this type exist in the LEF/OA library. If the SITE is not used by the library you can ignore this warning or remove the SITE definition from the LEF/OA to avoid this message.
Type 'man IMPFP-3961' for more detail.
Horizontal Layer M1 offset = 1500 (derived)
Vertical Layer M2 offset = 1200 (derived)
Set Default Net Delay as 1000 ps.
Set Default Net Load as 0.5 pF. 
Set Default Input Pin Transition as 0.1 ps.
*Info: initialize multi-corner CTS.
Reading timing constraints file '/home/rjridle/risc-v-chisel/fabcds/synth/mapped/riscv.sdc' ...
Current (total cpu=0:00:11.1, real=0:00:11.0, peak res=551.6M, current mem=551.6M)
**WARN: (TCLCMD-1142):	Virtual clock 'vclk' is being created with no source objects. (File /home/rjridle/risc-v-chisel/fabcds/synth/mapped/riscv.sdc, Line 239).

INFO (CTE): Reading of timing constraints file /home/rjridle/risc-v-chisel/fabcds/synth/mapped/riscv.sdc completed, with 1 WARNING
WARNING (CTE-25): Line: 8 of File /home/rjridle/risc-v-chisel/fabcds/synth/mapped/riscv.sdc : Skipped unsupported command: set_units


Ending "Constraint file reading stats" (total cpu=0:00:00.1, real=0:00:00.0, peak res=567.8M, current mem=567.8M)
Current (total cpu=0:00:11.2, real=0:00:11.0, peak res=567.8M, current mem=567.8M)
Total number of combinational cells: 26
Total number of sequential cells: 4
Total number of tristate cells: 2
Total number of level shifter cells: 0
Total number of power gating cells: 0
Total number of isolation cells: 0
Total number of power switch cells: 0
Total number of pulse generator cells: 0
Total number of always on buffers: 0
Total number of retention cells: 0
List of usable buffers: BUFX2 BUFX4 CLKBUF1
Total number of usable buffers: 3
List of unusable buffers:
Total number of unusable buffers: 0
List of usable inverters: INVX2 INVX1 INVX4 INVX8
Total number of usable inverters: 4
List of unusable inverters:
Total number of unusable inverters: 0
List of identified usable delay cells: CLKBUF2 CLKBUF3
Total number of identified usable delay cells: 2
List of identified unusable delay cells:
Total number of identified unusable delay cells: 0
Extraction setup Started 
Initializing multi-corner RC extraction with 1 active RC Corners ...
**WARN: (IMPEXT-2773):	The via resistance between layers M0 and M1 could not be determined from the LEF technology file because the via resistance specification is missing. A default of 4 Ohms will be used as via resistance between these layers.
Type 'man IMPEXT-2773' for more detail.
**WARN: (IMPEXT-2773):	The via resistance between layers M1 and M2 could not be determined from the LEF technology file because the via resistance specification is missing. A default of 4 Ohms will be used as via resistance between these layers.
Type 'man IMPEXT-2773' for more detail.
**WARN: (IMPEXT-2773):	The via resistance between layers M2 and M3 could not be determined from the LEF technology file because the via resistance specification is missing. A default of 4 Ohms will be used as via resistance between these layers.
Type 'man IMPEXT-2773' for more detail.
**WARN: (IMPEXT-2766):	The sheet resistance for layer M1 is not defined in the cap table. Therefore, the LEF value 0.09 will be used instead. To avoid this message, update the relevant cap table to include the sheet resistance for the specified layer and read it back in.
**WARN: (IMPEXT-2766):	The sheet resistance for layer M2 is not defined in the cap table. Therefore, the LEF value 0.09 will be used instead. To avoid this message, update the relevant cap table to include the sheet resistance for the specified layer and read it back in.
**WARN: (IMPEXT-2766):	The sheet resistance for layer M3 is not defined in the cap table. Therefore, the LEF value 0.05 will be used instead. To avoid this message, update the relevant cap table to include the sheet resistance for the specified layer and read it back in.
Summary of Active RC-Corners : 
 
 Analysis View: setup_func
    RC-Corner Name        : rc_typ
    RC-Corner Index       : 0
    RC-Corner Temperature : 25 Celsius
    RC-Corner Cap Table   : ''
    RC-Corner PreRoute Res Factor         : 1
    RC-Corner PreRoute Cap Factor         : 1
    RC-Corner PostRoute Res Factor        : 1 {1 1 1}
    RC-Corner PostRoute Cap Factor        : 1 {1 1 1}
    RC-Corner PostRoute XCap Factor       : 1 {1 1 1}
    RC-Corner PreRoute Clock Res Factor   : 1	[Derived from Cap Table]
    RC-Corner PreRoute Clock Cap Factor   : 1	[Derived from Cap Table]
    RC-Corner PostRoute Clock Cap Factor  : 1 {1 1 1} 	[Derived from postRoute_cap (effortLevel low)]
    RC-Corner PostRoute Clock Res Factor  : 1 {1 1 1} 	[Derived from postRoute_res (effortLevel low)]
 
 Analysis View: hold_func
    RC-Corner Name        : rc_typ
    RC-Corner Index       : 0
    RC-Corner Temperature : 25 Celsius
    RC-Corner Cap Table   : ''
    RC-Corner PreRoute Res Factor         : 1
    RC-Corner PreRoute Cap Factor         : 1
    RC-Corner PostRoute Res Factor        : 1 {1 1 1}
    RC-Corner PostRoute Cap Factor        : 1 {1 1 1}
    RC-Corner PostRoute XCap Factor       : 1 {1 1 1}
    RC-Corner PreRoute Clock Res Factor   : 1	[Derived from Cap Table]
    RC-Corner PreRoute Clock Cap Factor   : 1	[Derived from Cap Table]
    RC-Corner PostRoute Clock Cap Factor  : 1 {1 1 1} 	[Derived from postRoute_cap (effortLevel low)]
    RC-Corner PostRoute Clock Res Factor  : 1 {1 1 1} 	[Derived from postRoute_res (effortLevel low)]

*** Summary of all messages that are not suppressed in this session:
Severity  ID               Count  Summary                                  
WARNING   IMPLF-108            1  There is no overlap layer defined in any...
WARNING   IMPFP-710            1  File version %s is too old.              
WARNING   IMPFP-3961           2  The techSite '%s' has no related standar...
WARNING   IMPTS-124            2  Timing library description of pin '%s' i...
WARNING   IMPEXT-2766          3  The sheet resistance for layer %s is not...
WARNING   IMPEXT-2773          3  The via resistance between layers %s and...
WARNING   IMPVL-159           68  Pin '%s' of cell '%s' is defined in LEF ...
WARNING   IMPPP-556            2  A SAMENET rule between different layers ...
WARNING   IMPPP-557            3  A single-layer VIARULE GENERATE for turn...
WARNING   TCLCMD-1142          1  Virtual clock '%s' is being created with...
WARNING   TECHLIB-436         20  Attribute '%s' on '%s' pin '%s' of cell ...
*** Message Summary: 106 warning(s), 0 error(s)

<CMD> um::enable_metric -on
<CMD> um::push_snapshot_stack
<CMD> add_tracks
<FF> DERATING DELAY CORNERS ...
<CMD> setMaxRouteLayer 3
**WARN: (IMPCK-8086):	The command setCTSMode is obsolete and will be removed in the next release. This command still works in this release, but by the next release you must transition to the CCOpt-based CTS flow.
**WARN: (IMPCK-61):	TopPreferredLayer metal3 is smaller than BottomPreferredLayer metal3. The top/bottom preferred layer for CTS should be changed using the 'setCTSMode' command.
<CMD> setDesignMode -process 250
Applying the recommended capacitance filtering threshold values for 250nm process node: total_c_th=5, relative_c_th=0.03 and coupling_c_th=3.
	These values will be used by all post-route extraction engines, including tQuantus, IQRC and Quantus QRC extraction.
	For postRoute effortLevel low extraction, the coupling_c_th value will be used only when the -capFilterMode parameter of the setExtractRCMode command is set to relAndCoup or relOrCoup. Default value of -capFilterMode parameter in postRoute extraction effortLevel low is relOnly.
	The accuracy mode for postRoute effortLevel low extraction will be set to 'standard'.
	Default value for EffortLevel(-effortLevel option of the setExtractRCMode) in postRoute extraction mode is 'low'.
Updating process node dependent CCOpt properties for the 250nm process node.
<FF> LOADING 'post_init_tcl' PLUG-IN FILE(s) 
<FF> -> PLUG/INNOVUS/post_init.tcl
<CMD> floorPlan -d 4000 4000 40.05 40.6 40.05 42
Snap width to manufacture grid: 4000.0500.
Snap height to manufacture grid: 4000.0500.
Snap core to bottom to manufacture grid: 40.6500.
**WARN: (IMPFP-4026):	Adjusting core to 'Left' to 40.800000 due to track/row misalignment. To force the value, specify the -noSnapToGrid option or use fpiSetSnapRule command to specify the die/core to different grid.
**WARN: (IMPFP-4026):	Adjusting core to 'Bottom' to 42.000000 due to track/row misalignment. To force the value, specify the -noSnapToGrid option or use fpiSetSnapRule command to specify the die/core to different grid.
**WARN: (IMPFP-4026):	Adjusting core to 'Right' to 40.800000 due to track/row misalignment. To force the value, specify the -noSnapToGrid option or use fpiSetSnapRule command to specify the die/core to different grid.
Horizontal Layer M1 offset = 1500 (derived)
Vertical Layer M2 offset = 1200 (derived)
**WARN: (IMPFP-325):	Floorplan of the design is resized. All current floorplan objects are automatically derived based on specified new floorplan. This may change blocks, fixed standard cells, existing routes and blockages.
<CMD> globalNetConnect VSS -type pgpin -pin gnd -inst *
<CMD> globalNetConnect VDD -type pgpin -pin vdd -inst *
<CMD> setAddRingMode -ring_target default -extend_over_row 0 -ignore_rows 0 -avoid_short 0 -skip_crossing_trunks none -stacked_via_top_layer metal3 -stacked_via_bottom_layer metal1 -via_using_exact_crossover_size 1 -orthogonal_only true -skip_via_on_pin {  standardcell } -skip_via_on_wire_shape {  noshape }
The ring targets are set to core/block ring wires.
addRing command will consider rows while creating rings.
addRing command will disallow rings to go over rows.
addRing command will ignore shorts while creating rings.
<CMD> addRing -nets {VDD VSS} -type core_rings -follow core -layer {top metal1 bottom metal1 left metal2 right metal2} -width {top 14.4 bottom 14.4 left 14.4 right 14.4} -spacing {top 1.8 bottom 1.8 left 1.8 right 1.8} -offset {top 1.8 bottom 1.8 left 1.8 right 1.8} -center 0 -extend_corner {} -threshold 0 -jog_distance 0 -snap_wire_center_to_grid None
#% Begin addRing (date=07/21 17:25:28, mem=570.4M)

Ring generation is complete.
vias are now being generated.
addRing created 8 wires.
ViaGen created 8 vias, deleted 0 via to avoid violation.
+--------+----------------+----------------+
|  Layer |     Created    |     Deleted    |
+--------+----------------+----------------+
| metal1 |        4       |       NA       |
|   via  |        8       |        0       |
| metal2 |        4       |       NA       |
+--------+----------------+----------------+
#% End addRing (date=07/21 17:25:28, total cpu=0:00:00.0, real=0:00:00.0, peak res=572.1M, current mem=572.1M)
<CMD> setSrouteMode -viaConnectToShape { noshape }
<CMD> sroute -connect { blockPin padPin padRing corePin floatingStripe } -layerChangeRange { metal1(1) metal3(3) } -blockPinTarget { nearestTarget } -padPinPortConnect { allPort oneGeom } -padPinTarget { nearestTarget } -corePinTarget { firstAfterRowEnd } -floatingStripeTarget { blockring padring ring stripe ringpin blockpin followpin } -allowJogging 1 -crossoverViaLayerRange { metal1(1) metal3(3) } -nets { VDD VSS } -allowLayerChange 1 -blockPin useLef -targetViaLayerRange { metal1(1) metal3(3) }
#% Begin sroute (date=07/21 17:25:28, mem=572.3M)
*** Begin SPECIAL ROUTE on Tue Jul 21 17:25:28 2020 ***
SPECIAL ROUTE ran on directory: /home/rjridle/risc-v-chisel/fabcds/par
SPECIAL ROUTE ran on machine: rivendell.ecen.okstate.edu (Linux 2.6.32-754.25.1.el6.x86_64 Xeon 1.20Ghz)

Begin option processing ...
srouteConnectPowerBump set to false
routeSelectNet set to "VDD VSS"
routeSpecial set to true
srouteBlockPin set to "useLef"
srouteBottomLayerLimit set to 1
srouteBottomTargetLayerLimit set to 1
srouteConnectConverterPin set to false
srouteCrossoverViaBottomLayer set to 1
srouteCrossoverViaTopLayer set to 3
srouteFloatingStripeTarget set to "blockring padring ring stripe ringpin blockpin followpin"
srouteFollowCorePinEnd set to 3
srouteJogControl set to "preferWithChanges differentLayer"
srouteNoViaOnWireShape set to "padring ring stripe blockring blockpin coverpin blockwire corewire followpin iowire"
sroutePadPinAllPorts set to true
sroutePreserveExistingRoutes set to true
srouteRoutePowerBarPortOnBothDir set to true
srouteStopBlockPin set to "nearestTarget"
srouteTopLayerLimit set to 3
srouteTopTargetLayerLimit set to 3
End option processing: cpu: 0:00:00, real: 0:00:00, peak: 1402.00 megs.

Reading DB technology information...
Finished reading DB technology information.
Reading floorplan and netlist information...
Finished reading floorplan and netlist information.
Read in 6 layers, 3 routing layers, 0 overlap layer
Read in 34 macros, 22 used
Read in 22 components
  22 core components: 22 unplaced, 0 placed, 0 fixed
Read in 163 logical pins
Read in 163 nets
Read in 2 special nets, 2 routed
Read in 44 terminals
2 nets selected.

Begin power routing ...
**WARN: (IMPSR-1254):	Cannot find any block pin of net VDD. Check netlist, or change option to include the pin.
**WARN: (IMPSR-1256):	Cannot find any CORE class pad pin of net VDD. Change routing area or layer to include the expected pin, or check netlist, or change port class in the technology file.
Type 'man IMPSR-1256' for more detail.
Cannot find any AREAIO class pad pin of net VDD. Check net list, or change port class in the technology file, or change option to include pin in given range.
**WARN: (IMPSR-1254):	Cannot find any block pin of net VSS. Check netlist, or change option to include the pin.
**WARN: (IMPSR-1256):	Cannot find any CORE class pad pin of net VSS. Change routing area or layer to include the expected pin, or check netlist, or change port class in the technology file.
Type 'man IMPSR-1256' for more detail.
Cannot find any AREAIO class pad pin of net VSS. Check net list, or change port class in the technology file, or change option to include pin in given range.
CPU time for FollowPin 0 seconds
CPU time for FollowPin 0 seconds
  Number of IO ports routed: 0
  Number of Block ports routed: 0
  Number of Stripe ports routed: 0
  Number of Core ports routed: 262
  Number of Pad ports routed: 0
  Number of Power Bump ports routed: 0
  Number of Followpin connections: 131
End power routing: cpu: 0:00:00, real: 0:00:00, peak: 1408.00 megs.



 Begin updating DB with routing results ...
 Updating DB with 0 via definition ...Extracting standard cell pins and blockage ...... 
Pin and blockage extraction finished

sroute created 393 wires.
ViaGen created 262 vias, deleted 0 via to avoid violation.
+--------+----------------+----------------+
|  Layer |     Created    |     Deleted    |
+--------+----------------+----------------+
| metal1 |       393      |       NA       |
|   via  |       262      |        0       |
+--------+----------------+----------------+
#% End sroute (date=07/21 17:25:28, total cpu=0:00:00.1, real=0:00:00.0, peak res=581.4M, current mem=581.4M)
<CMD> timeDesign -preplace -prefix preplace -outDir RPT
Setting timing_disable_library_data_to_data_checks to 'true'.
Setting timing_disable_user_data_to_data_checks to 'true'.
Set Using Default Delay Limit as 101.
**WARN: (IMPDC-1629):	The default delay limit was set to 101. This is less than the default of 1000 and may result in inaccurate delay calculation for nets with a fanout higher than the setting.  If needed, the default delay limit may be adjusted by running the command 'set delaycal_use_default_delay_limit'.
Setting High Fanout Nets ( > 100 ) as ideal temporarily for -prePlace option
Set Default Net Delay as 0 ps.
Set Default Net Load as 0 pF. 
#################################################################################
# Design Stage: PreRoute
# Design Name: riscv
# Design Mode: 250nm
# Analysis Mode: MMMC Non-OCV 
# Parasitics Mode: No SPEF/RCDB
# Signoff Settings: SI Off 
#################################################################################
Calculate delays in Single mode...
Start delay calculation (fullDC) (1 T). (MEM=679)
AAE DB initialization (MEM=723.883 CPU=0:00:00.1 REAL=0:00:00.0) 
siFlow : Timing analysis mode is single, using late cdB files
Total number of fetched objects 12576
End delay calculation. (MEM=929.93 CPU=0:00:01.3 REAL=0:00:01.0)
End delay calculation (fullDC). (MEM=832.559 CPU=0:00:02.2 REAL=0:00:02.0)
*** Done Building Timing Graph (cpu=0:00:02.4 real=0:00:02.0 totSessionCpu=0:00:14.1 mem=832.6M)

------------------------------------------------------------
          timeDesign Summary                             
------------------------------------------------------------

Setup views included:
 setup_func 

+--------------------+---------+---------+---------+
|     Setup mode     |   all   | reg2reg | default |
+--------------------+---------+---------+---------+
|           WNS (ns):|  0.238  |   N/A   |  0.238  |
|           TNS (ns):|  0.000  |   N/A   |  0.000  |
|    Violating Paths:|    0    |   N/A   |    0    |
|          All Paths:|   65    |   N/A   |   65    |
+--------------------+---------+---------+---------+

Density: 0.000%
------------------------------------------------------------
Set Using Default Delay Limit as 1000.
Resetting back High Fanout Nets as non-ideal
Set Default Net Delay as 1000 ps.
Set Default Net Load as 0.5 pF. 
Reported timing to dir RPT
Total CPU time: 2.89 sec
Total Real time: 3.0 sec
Total Memory Usage: 758.265625 Mbytes
<CMD> checkDesign -all
**WARN: (IMPREPO-205):	There are 5 Cells with missing PG PIN.
Estimated cell power/ground rail width = 2.343 um
Begin checking placement ... (start mem=758.3M, init mem=758.3M)
*info: Recommended don't use cell = 0           
*info: Placed = 0             
*info: Unplaced = 12058       
Placement Density:27.08%(4139280/15284880)
Placement Density (including fixed std cells):27.08%(4139280/15284880)
Finished checkPlace (cpu: total=0:00:00.0, vio checks=0:00:00.0; mem=758.3M)
############################################################################
# Innovus Netlist Design Rule Check
# Tue Jul 21 17:25:31 2020

############################################################################
Design: riscv

------ Design Summary:
Total Standard Cell Number   (cells) : 12058
Total Block Cell Number      (cells) : 0
Total I/O Pad Cell Number    (cells) : 0
Total Standard Cell Area     ( um^2) : 4139280.00
Total Block Cell Area        ( um^2) : 0.00
Total I/O Pad Cell Area      ( um^2) : 0.00

------ Design Statistics:

Number of Instances            : 12058
Number of Non-uniquified Insts : 12055
Number of Nets                 : 12579
Average number of Pins per Net : 3.38
Maximum number of Pins in Net  : 64

------ I/O Port summary

Number of Primary I/O Ports    : 163
Number of Input Ports          : 66
Number of Output Ports         : 97
Number of Bidirectional Ports  : 0
Number of Power/Ground Ports   : 0
Number of Floating Ports                     *: 0
Number of Ports Connected to Multiple Pads   *: 0
Number of Ports Connected to Core Instances   : 163
**WARN: (IMPREPO-202):	There are 163 Ports connected to core instances.

------ Design Rule Checking:

Number of Output Pins connect to Power/Ground *: 0
Number of Insts with Input Pins tied together ?: 0
Number of TieHi/Lo term nets not connected to instance's PG terms ?: 0
**WARN: (IMPDB-2136):	Input term 'A' of  instance 'U5563' does not connect to a 'TieHi ' net. The netlist is not correct or the net for connecting tie high/low signals is not specified. To resolve this problem, check your netlist or run globalNetConnect to specify the tie high/low signal nets.
Number of Input/InOut Floating Pins            : 1
Number of Output Floating Pins                 : 0
Number of Output Term Marked TieHi/Lo         *: 0

**WARN: (IMPREPO-218):	There are 1 Floating Instance terminals.
Number of nets with tri-state drivers          : 0
Number of nets with parallel drivers           : 0
Number of nets with multiple drivers           : 0
Number of nets with no driver (No FanIn)       : 0
Number of Output Floating nets (No FanOut)     : 0
Number of High Fanout nets (>50)               : 4
**WARN: (IMPREPO-227):	There are 4 High Fanout nets (>50).
**WARN: (IMPREPO-213):	There are 163 I/O Pins connected to Non-IO Insts.
Checking for any assigns in the netlist...
  No assigns found.
Checking routing tracks.....
Checking other grids.....
Checking routing blockage.....
Checking components.....
Checking IO Pins.....
Unplaced Io Pins = 163 
Checking constraints (guide/region/fence).....
Checking groups.....

Checking Ptn Pins .....
Checking Ptn Core Box.....

Checking Preroutes.....
No. of regular pre-routes not on tracks : 0 
 Design check done.
Report saved in file checkDesign/riscv.main.htm.ascii.

*** Summary of all messages that are not suppressed in this session:
Severity  ID               Count  Summary                                  
WARNING   IMPDB-2136           1  %s term '%s' of %s instance '%s' does no...
WARNING   IMPREPO-202          1  There are %d Ports connected to core ins...
WARNING   IMPREPO-205          1  There are %d Cells with missing PG PIN.  
WARNING   IMPREPO-213          1  There are %d I/O Pins connected to Non-I...
WARNING   IMPREPO-218          1  There are %d Floating Instance terminals...
WARNING   IMPREPO-227          1  There are %d High Fanout nets (>50).     
*** Message Summary: 6 warning(s), 0 error(s)

<CMD> check_timing
#################################################################################
# Design Stage: PreRoute
# Design Name: riscv
# Design Mode: 250nm
# Analysis Mode: MMMC Non-OCV 
# Parasitics Mode: No SPEF/RCDB
# Signoff Settings: SI Off 
#################################################################################
AAE_INFO: 1 threads acquired from CTE.
Calculate delays in Single mode...
Start delay calculation (fullDC) (1 T). (MEM=771.438)
Total number of fetched objects 12576
End delay calculation. (MEM=846.938 CPU=0:00:01.3 REAL=0:00:01.0)
End delay calculation (fullDC). (MEM=846.938 CPU=0:00:01.4 REAL=0:00:01.0)
     +------------------------------------------------------------------------------+ 
     |                             TIMING CHECK SUMMARY                             | 
     |------------------------------------------------------------------------------| 
     |       Warning        |            Warning Description             |  Number  | 
     |                      |                                            |    of    | 
     |                      |                                            | Warnings | 
     |----------------------+--------------------------------------------+----------| 
     | clock_expected       | Clock not found where clock is expected    |     1023 | 
     | ideal_clock_waveform | Clock waveform is ideal                    |        1 | 
     | uncons_endpoint      | Unconstrained signal arriving at end point |     1023 | 
     +------------------------------------------------------------------------------+ 
<CMD> um::pop_snapshot_stack
<CMD> um::set_metric -name design.power_domains -value {}
<CMD> um::set_metric -name design.instances.icg -value 0
<CMD> um::set_metric -name design.area.icg -value {0 um^2}
<CMD> um::get_metric -pending design.instances.register
<CMD> um::set_metric -name design.instances.register -value 1023
<CMD> um::get_metric -pending design.area.register
<CMD> um::set_metric -name design.area.register -value 883872
<CMD> um::set_metric -name design.instances.power_switch -value 0
<CMD> um::set_metric -name design.area.power_switch -value {0 um^2}
<CMD> um::set_metric -name design.instances.iso_ls -value 0
<CMD> um::set_metric -name design.area.iso_ls -value {0 um^2}
UM: Capturing floorplan image ...
<CMD> um::set_metric -name design.floorplan.image -value {boundary { data { G0.0,0.0,0.0,3999.0,4000.8,3999.0,4000.8,0.0,} fill_color {#FFFFFF} stroke_color {#002794} } ports { data { C0.0,0.0,2, C0.0,0.0,2, C0.0,0.0,2, C0.0,0.0,2, C0.0,0.0,2, C0.0,0.0,2, C0.0,0.0,2, C0.0,0.0,2, C0.0,0.0,2, C0.0,0.0,2, C0.0,0.0,2, C0.0,0.0,2, C0.0,0.0,2, C0.0,0.0,2, C0.0,0.0,2, C0.0,0.0,2, C0.0,0.0,2, C0.0,0.0,2, C0.0,0.0,2, C0.0,0.0,2, C0.0,0.0,2, C0.0,0.0,2, C0.0,0.0,2, C0.0,0.0,2, C0.0,0.0,2, C0.0,0.0,2, C0.0,0.0,2, C0.0,0.0,2, C0.0,0.0,2, C0.0,0.0,2, C0.0,0.0,2, C0.0,0.0,2, C0.0,0.0,2, C0.0,0.0,2, C0.0,0.0,2, C0.0,0.0,2, C0.0,0.0,2, C0.0,0.0,2, C0.0,0.0,2, C0.0,0.0,2, C0.0,0.0,2, C0.0,0.0,2, C0.0,0.0,2, C0.0,0.0,2, C0.0,0.0,2, C0.0,0.0,2, C0.0,0.0,2, C0.0,0.0,2, C0.0,0.0,2, C0.0,0.0,2, C0.0,0.0,2, C0.0,0.0,2, C0.0,0.0,2, C0.0,0.0,2, C0.0,0.0,2, C0.0,0.0,2, C0.0,0.0,2, C0.0,0.0,2, C0.0,0.0,2, C0.0,0.0,2, C0.0,0.0,2, C0.0,0.0,2, C0.0,0.0,2, C0.0,0.0,2, C0.0,0.0,2, C0.0,0.0,2, C0.0,0.0,2, C0.0,0.0,2, C0.0,0.0,2, C0.0,0.0,2, C0.0,0.0,2, C0.0,0.0,2, C0.0,0.0,2, C0.0,0.0,2, C0.0,0.0,2, C0.0,0.0,2, C0.0,0.0,2, C0.0,0.0,2, C0.0,0.0,2, C0.0,0.0,2, C0.0,0.0,2, C0.0,0.0,2, C0.0,0.0,2, C0.0,0.0,2, C0.0,0.0,2, C0.0,0.0,2, C0.0,0.0,2, C0.0,0.0,2, C0.0,0.0,2, C0.0,0.0,2, C0.0,0.0,2, C0.0,0.0,2, C0.0,0.0,2, C0.0,0.0,2, C0.0,0.0,2, C0.0,0.0,2, C0.0,0.0,2, C0.0,0.0,2, C0.0,0.0,2, C0.0,0.0,2, C0.0,0.0,2, C0.0,0.0,2, C0.0,0.0,2, C0.0,0.0,2, C0.0,0.0,2, C0.0,0.0,2, C0.0,0.0,2, C0.0,0.0,2, C0.0,0.0,2, C0.0,0.0,2, C0.0,0.0,2, C0.0,0.0,2, C0.0,0.0,2, C0.0,0.0,2, C0.0,0.0,2, C0.0,0.0,2, C0.0,0.0,2, C0.0,0.0,2, C0.0,0.0,2, C0.0,0.0,2, C0.0,0.0,2, C0.0,0.0,2, C0.0,0.0,2, C0.0,0.0,2, C0.0,0.0,2, C0.0,0.0,2, C0.0,0.0,2, C0.0,0.0,2, C0.0,0.0,2, C0.0,0.0,2, C0.0,0.0,2, C0.0,0.0,2, C0.0,0.0,2, C0.0,0.0,2, C0.0,0.0,2, C0.0,0.0,2, C0.0,0.0,2, C0.0,0.0,2, C0.0,0.0,2, C0.0,0.0,2, C0.0,0.0,2, C0.0,0.0,2, C0.0,0.0,2, C0.0,0.0,2, C0.0,0.0,2, C0.0,0.0,2, C0.0,0.0,2, C0.0,0.0,2, C0.0,0.0,2, C0.0,0.0,2, C0.0,0.0,2, C0.0,0.0,2, C0.0,0.0,2, C0.0,0.0,2, C0.0,0.0,2, C0.0,0.0,2, C0.0,0.0,2, C0.0,0.0,2, C0.0,0.0,2, C0.0,0.0,2, C0.0,0.0,2, C0.0,0.0,2, C0.0,0.0,2, } fill_color {#CA354D} stroke_color {#CA354D} } }
<CMD> report_message -errors
<CMD> get_metric -id current -uuid 5e150772 alerts
<CMD> get_metric -id current -uuid 5e150772 flow.memory.instant
<CMD> get_metric -id current -uuid 5e150772 flow.memory.resident.instant
<CMD> get_metric -id current -uuid 5e150772 flow.memory.resident.peak.instant
<CMD> get_metric -id current -uuid 5e150772 flow.tool.name.short
<CMD> get_metric -id current -uuid 5e150772 flow.tool.version
<CMD> get_metric -id current -uuid 5e150772 metric.version.instant
<CMD> get_metric -id current -uuid 5e150772 name
<CMD> get_metric -id current -uuid 5e150773 flow.memory.instant
<CMD> get_metric -id current -uuid 5e150772 flow.memory
<CMD> get_metric -id current -uuid 5e150773 flow.memory.resident.instant
<CMD> get_metric -id current -uuid 5e150772 flow.memory.resident
<CMD> get_metric -id current -uuid 5e150773 flow.memory.resident.peak.instant
<CMD> get_metric -id current -uuid 5e150772 flow.memory.resident.peak
<CMD> get_metric -id current -uuid 5e150773 flow.tool.name.short
<CMD> get_metric -id current -uuid 5e150773 flow.tool.version
<CMD> get_metric -id current -uuid 5e150773 metric.version.instant
UM:  flow.cputime  flow.realtime  timing.setup.tns  timing.setup.wns  snapshot
UM:         16.53             17          0.000 ns          0.238 ns  init
<CMD> um::enable_metric
<FF> MAILING RESULTS TO ryanridley46@gmail.com
<CMD> saveDesign DBS/init.enc -compress
#% Begin save design ... (date=07/21 17:25:33, mem=652.5M)
% Begin Save netlist data ... (date=07/21 17:25:33, mem=653.0M)
Writing Binary DB to DBS/init.enc.dat.tmp/riscv.v.bin in single-threaded mode...
% End Save netlist data ... (date=07/21 17:25:33, total cpu=0:00:00.0, real=0:00:00.0, peak res=657.5M, current mem=657.5M)
% Begin Save AAE data ... (date=07/21 17:25:33, mem=657.5M)
Saving AAE Data ...
% End Save AAE data ... (date=07/21 17:25:33, total cpu=0:00:00.0, real=0:00:00.0, peak res=657.5M, current mem=657.5M)
% Begin Save clock tree data ... (date=07/21 17:25:33, mem=657.8M)
% End Save clock tree data ... (date=07/21 17:25:33, total cpu=0:00:00.0, real=0:00:00.0, peak res=657.8M, current mem=657.8M)
Saving preference file DBS/init.enc.dat.tmp/gui.pref.tcl ...
Saving mode setting ...
Saving global file ...
% Begin Save floorplan data ... (date=07/21 17:25:33, mem=658.1M)
Saving floorplan file ...
% End Save floorplan data ... (date=07/21 17:25:33, total cpu=0:00:00.0, real=0:00:00.0, peak res=658.1M, current mem=658.1M)
Saving Drc markers ...
... No Drc file written since there is no markers found.
% Begin Save placement data ... (date=07/21 17:25:33, mem=658.1M)
** Saving stdCellPlacement_binary (version# 1) ...
% End Save placement data ... (date=07/21 17:25:33, total cpu=0:00:00.0, real=0:00:00.0, peak res=658.1M, current mem=658.1M)
% Begin Save routing data ... (date=07/21 17:25:33, mem=658.1M)
Saving route file ...
*** Completed saveRoute (cpu=0:00:00.0 real=0:00:00.0 mem=846.9M) ***
% End Save routing data ... (date=07/21 17:25:33, total cpu=0:00:00.0, real=0:00:00.0, peak res=658.9M, current mem=658.9M)
Saving property file DBS/init.enc.dat.tmp/riscv.prop
*** Completed saveProperty (cpu=0:00:00.0 real=0:00:00.0 mem=846.9M) ***
% Begin Save power constraints data ... (date=07/21 17:25:33, mem=661.2M)
% End Save power constraints data ... (date=07/21 17:25:33, total cpu=0:00:00.0, real=0:00:00.0, peak res=661.2M, current mem=661.2M)
rc_typ
Generated self-contained design init.enc.dat.tmp
#% End save design ... (date=07/21 17:25:33, total cpu=0:00:00.4, real=0:00:00.0, peak res=661.2M, current mem=643.5M)
*** Message Summary: 0 warning(s), 0 error(s)

<CMD> saveNetlist DBS/LEC/init.v.gz
Writing Netlist "DBS/LEC/init.v.gz" ...
<FF> ==============================================
<FF>          COMPLETED STEP : init
<FF>         ELAPSED RUNTIME : 0 days, 00:00:06
<FF> ==============================================

*** Memory Usage v#1 (Current mem = 809.875M, initial mem = 183.406M) ***
*** Message Summary: 123 warning(s), 0 error(s)

--- Ending "Innovus" (totcpu=0:00:17.0, real=0:00:17.0, mem=809.9M) ---
