###############################################################
#  Generated by:      Cadence Innovus 17.11-s080_1
#  OS:                Linux x86_64(Host ID rivendell.ecen.okstate.edu)
#  Generated on:      Tue Jul 21 17:25:31 2020
#  Design:            riscv
#  Command:           checkDesign -all
###############################################################
Design: riscv

------ Design Summary:
Total Standard Cell Number   (cells) : 12058
Total Block Cell Number      (cells) : 0
Total I/O Pad Cell Number    (cells) : 0
Total Standard Cell Area     ( um^2) : 4139280.00
Total Block Cell Area        ( um^2) : 0.00
Total I/O Pad Cell Area      ( um^2) : 0.00

------ Design Statistics:

Number of Instances            : 12058
Number of Non-uniquified Insts : 12055
Number of Nets                 : 12579
Average number of Pins per Net : 3.38
Maximum number of Pins in Net  : 64

------ I/O Port summary

Number of Primary I/O Ports    : 163
Number of Input Ports          : 66
Number of Output Ports         : 97
Number of Bidirectional Ports  : 0
Number of Power/Ground Ports   : 0



------------------------------------------------------------
Detail report:


------ I/O Pad/Port Checking


