###############################################################
#  Generated by:      Cadence Innovus 17.11-s080_1
#  OS:                Linux x86_64(Host ID rivendell.ecen.okstate.edu)
#  Generated on:      Tue Jul 21 15:55:59 2020
#  Design:            riscv
#  Command:           verifyGeometry
###############################################################

SHORT: Regular Wire of Net FE_RN_767_0 & Regular Wire of Net FE_PSN75_FE_RN_3237  ( metal3 )
Bounds : ( 6254.850, 5235.750 ) ( 6256.350, 5237.250 )


SHORT: Regular Wire of Net FE_RN_1299_0 & Regular Wire of Net FE_PSBN26666_n  ( metal2 )
Bounds : ( 6312.750, 5170.050 ) ( 6313.650, 5170.950 )


SHORT: Regular Wire of Net FE_RN_218 & Regular Wire of Net FE_PSN702_n17691  ( metal2 )
Bounds : ( 6319.950, 5212.050 ) ( 6320.850, 5212.950 )


SHORT: Regular Via of Net FE_RN_103 & Regular Wire of Net FE_RN_5621_0  ( metal2 )
Bounds : ( 6483.150, 5091.900 ) ( 6484.050, 5093.100 )


SHORT: Regular Wire of Net FE_OFN494_n6634 & Regular Wire of Net FE_RN_2723  ( metal3 )
Bounds : ( 6485.250, 5100.750 ) ( 6486.750, 5102.250 )


SHORT: Regular Wire of Net n6067 & Regular Wire of Net FE_PSN702_n17691  ( metal2 )
Bounds : ( 6315.150, 5203.050 ) ( 6316.050, 5203.950 )


SHORT: Regular Wire of Net n8362 & Regular Wire of Net n8294  ( metal3 )
Bounds : ( 6312.450, 5181.750 ) ( 6313.950, 5183.250 )


SPACING: Regular Via of Net FE_RN_103 & Regular Wire of Net FE_RN_2723  ( metal3 )
Bounds : ( 6481.950, 5091.750 ) ( 6482.700, 5093.400 )
Actual:     0.75     Min:     0.9 


SHORT: Regular Wire of Net FE_RN_802 & Regular Wire of Net FE_RN_2754  ( metal2 )
Bounds : ( 6238.350, 5236.050 ) ( 6239.250, 5236.950 )


SHORT: Regular Via of Net FE_RN_2754 & Regular Wire of Net FE_PSN75_FE_RN_3237  ( metal3 )
Bounds : ( 6240.300, 5235.750 ) ( 6242.100, 5237.250 )


SHORT: Regular Via of Net FE_RN_768_0 & Regular Wire of Net FE_OCPN17135_FE_RN_766  ( metal2 )
Bounds : ( 6219.000, 5242.050 ) ( 6220.050, 5242.500 )


SHORT: Regular Wire of Net n18460 & Regular Wire of Net FE_RN_2256_1  ( metal2 )
Bounds : ( 6223.950, 5227.050 ) ( 6224.850, 5227.950 )


SHORT: Regular Wire of Net n18500 & Regular Wire of Net FE_RN_854  ( metal2 )
Bounds : ( 6233.550, 5224.050 ) ( 6234.450, 5224.950 )


SHORT: Regular Via of Net n18500 & Regular Wire of Net FE_RN_2256_1  ( metal2 )
Bounds : ( 6231.000, 5245.050 ) ( 6232.200, 5245.950 )


SHORT: Regular Via of Net FE_OCPN22894_n19862 & Regular Wire of Net n20445  ( metal2 )
Bounds : ( 5151.150, 5340.900 ) ( 5151.600, 5342.100 )


SPACING: Regular Via of Net FE_OCPN22894_n19862 & Regular Via of Net FE_OCPN22894_n19862  ( metal2 )
Bounds : ( 5149.800, 5340.900 ) ( 5150.400, 5342.100 )
Actual:     0.6     Min:     0.9  SameNetGap


SHORT: Regular Wire of Net n20155 & Regular Wire of Net FE_RN_1459  ( metal3 )
Bounds : ( 5059.650, 5340.750 ) ( 5061.150, 5342.250 )


SHORT: Regular Wire of Net FE_OCPN28060_n & Regular Wire of Net FE_RN_1373  ( metal2 )
Bounds : ( 5098.350, 5353.050 ) ( 5099.250, 5353.950 )


SHORT: Regular Wire of Net FE_RN_3718_0 & Regular Wire of Net FE_OCPN18713_FE_RN_832  ( metal2 )
Bounds : ( 5067.150, 5371.050 ) ( 5068.050, 5371.950 )


SHORT: Regular Wire of Net FE_OCPN23296_FE_RN_1373 & Regular Wire of Net FE_PSN891_n5807  ( metal3 )
Bounds : ( 5069.250, 5367.750 ) ( 5070.750, 5369.250 )


SHORT: Regular Via of Net FE_PSN717_n19847 & Regular Wire of Net FE_RN_1459  ( metal3 )
Bounds : ( 5059.650, 5337.600 ) ( 5061.150, 5339.400 )


SHORT: Regular Via of Net n5381 & Regular Wire of Net n14118  ( metal3 )
Bounds : ( 5102.700, 5298.750 ) ( 5104.500, 5300.250 )


SHORT: Regular Via of Net FE_PSN1824_FE_OFN1591_n7086 & Regular Wire of Net n14118  ( metal3 )
Bounds : ( 5097.900, 5298.750 ) ( 5099.700, 5300.250 )


SHORT: Regular Wire of Net n20158 & Regular Wire of Net FE_PSN1824_FE_OFN1591_n7086  ( metal3 )
Bounds : ( 5102.850, 5289.750 ) ( 5104.350, 5291.250 )


SHORT: Regular Wire of Net n20332 & Regular Wire of Net FE_PSN1824_FE_OFN1591_n7086  ( metal3 )
Bounds : ( 5098.050, 5301.750 ) ( 5099.550, 5303.250 )


SHORT: Regular Wire of Net n20332 & Regular Wire of Net n5381  ( metal3 )
Bounds : ( 5102.850, 5301.750 ) ( 5104.350, 5303.250 )


SHORT: Regular Wire of Net n15327 & Regular Wire of Net FE_RN_3626  ( metal2 )
Bounds : ( 5194.350, 5011.050 ) ( 5195.250, 5011.950 )


SHORT: Regular Wire of Net n20435 & Regular Wire of Net FE_RN_3626  ( metal2 )
Bounds : ( 5199.150, 5044.050 ) ( 5200.050, 5044.950 )


SHORT: Regular Via of Net FE_RN_4826_1 & Regular Wire of Net FE_OCPN7526_FE_OFN1591_n7086  ( metal3 )
Bounds : ( 5541.900, 4947.750 ) ( 5543.700, 4949.250 )


SHORT: Regular Wire of Net FE_OCPN27424_n20608 & Regular Wire of Net FE_RN_4826_1  ( metal2 )
Bounds : ( 5547.150, 4939.050 ) ( 5548.050, 4939.950 )


SHORT: Regular Wire of Net FE_OCPN27450_n19906 & Regular Wire of Net FE_RN_4625  ( metal2 )
Bounds : ( 5554.350, 4966.050 ) ( 5555.250, 4966.950 )


SHORT: Regular Wire of Net FE_OCPN18053_n6189 & Regular Wire of Net FE_RN_5312_0  ( metal2 )
Bounds : ( 5535.150, 4915.050 ) ( 5536.050, 4915.950 )


SHORT: Regular Wire of Net FE_OCPN18053_n6189 & Regular Wire of Net FE_RN_1491  ( metal2 )
Bounds : ( 5539.950, 4915.050 ) ( 5540.850, 4915.950 )


SHORT: Regular Wire of Net FE_OCPN18053_n6189 & Regular Wire of Net FE_RN_4826_1  ( metal2 )
Bounds : ( 5544.750, 4915.050 ) ( 5545.650, 4915.950 )


SPACING: Regular Via of Net FE_PSN592_FE_RN_4386_0 & Regular Wire of Net n13950  ( metal3 )
Bounds : ( 5531.550, 4911.600 ) ( 5532.300, 4913.400 )
Actual:     0.75     Min:     0.9


SHORT: Regular Via of Net FE_OCPN18331_n6193 & Regular Wire of Net FE_OFN26798_n19929  ( metal3 )
Bounds : ( 5503.500, 4923.750 ) ( 5505.300, 4925.250 )


SHORT: Regular Wire of Net FE_OCPN27405_n20246 & Regular Wire of Net FE_RN_2239  ( metal2 )
Bounds : ( 5511.150, 4930.050 ) ( 5512.050, 4930.950 )


SHORT: Regular Wire of Net FE_OCPN27405_n20246 & Regular Wire of Net FE_RN_5925_0  ( metal2 )
Bounds : ( 5508.750, 4930.050 ) ( 5509.650, 4930.950 )


SHORT: Regular Wire of Net FE_OFN237_n19918 & Regular Wire of Net FE_OCPN23037_n6193  ( metal3 )
Bounds : ( 5506.050, 4914.750 ) ( 5507.550, 4916.250 )


SHORT: Regular Wire of Net FE_OFN237_n19918 & Regular Wire of Net FE_OCPN18331_n6193  ( metal3 )
Bounds : ( 5503.650, 4920.750 ) ( 5505.150, 4922.250 )


SHORT: Regular Wire of Net FE_OFN26798_n19929 & Regular Wire of Net FE_OCPN23037_n6193  ( metal3 )
Bounds : ( 5510.850, 4917.750 ) ( 5512.350, 4919.250 )


SHORT: Regular Wire of Net FE_OCPN23037_n6193 & Regular Wire of Net FE_RN_6388_0  ( metal3 )
Bounds : ( 5522.850, 4917.750 ) ( 5524.350, 4919.250 )


SHORT: Regular Wire of Net n20619 & Regular Wire of Net FE_OCPN23037_n6193  ( metal3 )
Bounds : ( 5515.650, 4917.750 ) ( 5517.150, 4919.250 )


SPACING: Regular Via of Net FE_OFN26798_n19929 & Regular Wire of Net n13950  ( metal3 )
Bounds : ( 5529.300, 4911.600 ) ( 5530.050, 4913.400 )
Actual:     0.75     Min:     0.9


SPACING: Regular Via of Net FE_OFN237_n19918 & Regular Wire of Net n13950  ( metal3 )
Bounds : ( 5505.150, 4911.600 ) ( 5505.900, 4913.250 )
Actual:     0.75     Min:     0.9 


SHORT: Regular Wire of Net FE_OFN26798_n19929 & Regular Wire of Net FE_PSN592_FE_RN_4386_0  ( metal2 )
Bounds : ( 5530.350, 4909.050 ) ( 5531.250, 4909.950 )


SHORT: Regular Wire of Net FE_OCPN18053_n6189 & Regular Wire of Net FE_RN_6388_0  ( metal2 )
Bounds : ( 5523.150, 4900.050 ) ( 5524.050, 4900.950 )


SHORT: Regular Wire of Net FE_RN_4387_0 & Regular Wire of Net FE_RN_4826_1  ( metal2 )
Bounds : ( 5537.550, 4885.050 ) ( 5538.450, 4885.950 )


SHORT: Regular Wire of Net n19929 & Regular Wire of Net FE_RN_4826_1  ( metal2 )
Bounds : ( 5537.550, 4879.050 ) ( 5538.450, 4879.950 )


SHORT: Regular Via of Net n20619 & Regular Wire of Net FE_RN_4619_1  ( metal2 )
Bounds : ( 5518.500, 4887.900 ) ( 5519.250, 4889.100 )


SHORT: Regular Via of Net FE_OCPN22784_n19881 & Regular Wire of Net FE_RN_3247  ( metal2 )
Bounds : ( 5652.750, 4797.900 ) ( 5653.650, 4799.100 )


SHORT: Regular Wire of Net FE_RN_1172_0 & Regular Wire of Net FE_RN_2069  ( metal2 )
Bounds : ( 5626.350, 4783.050 ) ( 5627.250, 4783.950 )


SHORT: Regular Wire of Net FE_RN_6166_0 & Regular Wire of Net FE_PSBN31_FE_OCPN27864_n8522  ( metal2 )
Bounds : ( 5518.350, 4846.050 ) ( 5519.250, 4846.950 )


SHORT: Regular Wire of Net FE_OCPN9818_FE_OFN502_n7062 & Regular Wire of Net FE_RN_2409_0  ( metal2 )
Bounds : ( 5585.550, 4831.050 ) ( 5586.450, 4831.950 )


SHORT: Regular Wire of Net FE_RN_1030 & Regular Wire of Net FE_PSN342_FE_OFN563_n19902  ( metal2 )
Bounds : ( 5554.350, 4864.050 ) ( 5555.250, 4864.950 )


SHORT: Regular Wire of Net FE_RN_554 & Regular Wire of Net FE_OCPN18065_FE_RN_949  ( metal2 )
Bounds : ( 5619.150, 4819.050 ) ( 5620.050, 4819.950 )


SHORT: Regular Wire of Net FE_OCPN27609_FE_OFN1597_n7086 & Regular Wire of Net FE_OCPN22973_FE_RN_602  ( metal3 )
Bounds : ( 5616.450, 4818.750 ) ( 5617.950, 4820.250 )


SHORT: Regular Via of Net FE_OCPN22973_FE_RN_602 & Regular Wire of Net FE_OFN743_n16458  ( metal3 )
Bounds : ( 5616.300, 4821.750 ) ( 5618.100, 4823.100 )


SHORT: Regular Wire of Net n19892 & Regular Wire of Net FE_OFN26798_n19929  ( metal2 )
Bounds : ( 5559.150, 4855.050 ) ( 5560.050, 4855.950 )


SHORT: Regular Wire of Net n20864 & Regular Wire of Net FE_OFN25847_n6424  ( metal2 )
Bounds : ( 5590.350, 4846.050 ) ( 5591.250, 4846.950 )


SHORT: Regular Via of Net FE_RN_2592 & Regular Wire of Net FE_OCPN22067_FE_RN_3157  ( metal2 )
Bounds : ( 5611.950, 4761.900 ) ( 5612.850, 4763.100 )


SHORT: Regular Via of Net n20861 & Regular Wire of Net FE_OFN657_n11582  ( metal3 )
Bounds : ( 5601.900, 4797.750 ) ( 5603.700, 4799.250 )


SHORT: Regular Wire of Net n20864 & Regular Wire of Net FE_PSN1206_FE_RN_949  ( metal2 )
Bounds : ( 5595.150, 4810.050 ) ( 5596.050, 4810.950 )


SHORT: Regular Wire of Net n21086 & Regular Wire of Net n20864  ( metal2 )
Bounds : ( 5595.150, 4807.050 ) ( 5596.050, 4807.950 )


SHORT: Regular Wire of Net FE_RN_621_0 & Regular Wire of Net FE_RN_6384_0  ( metal2 )
Bounds : ( 5554.350, 4813.050 ) ( 5555.250, 4813.950 )


SHORT: Regular Via of Net n21085 & Regular Wire of Net n21072  ( metal3 )
Bounds : ( 5623.500, 4809.750 ) ( 5625.300, 4811.250 )


SHORT: Regular Wire of Net FE_RN_2310 & Regular Wire of Net FE_OCPN22784_n19881  ( metal3 )
Bounds : ( 5513.250, 4725.750 ) ( 5514.750, 4727.250 )


SHORT: Regular Wire of Net FE_RN_1184 & Regular Wire of Net FE_OCPN22784_n19881  ( metal3 )
Bounds : ( 5510.850, 4704.750 ) ( 5512.350, 4706.250 )


SHORT: Regular Via of Net FE_OCPN22784_n19881 & Regular Wire of Net FE_OCPN28049_FE_OFN25939_n20596  ( metal3 )
Bounds : ( 5510.700, 4707.750 ) ( 5512.500, 4709.250 )


SHORT: Regular Wire of Net FE_OFN574_n22186 & Regular Wire of Net FE_RN_6382_0  ( metal2 )
Bounds : ( 5554.350, 4693.050 ) ( 5555.250, 4693.950 )


SHORT: Regular Wire of Net FE_OFN573_n22185 & Regular Wire of Net FE_PSBN24377_FE_RN_157  ( metal2 )
Bounds : ( 5585.550, 4684.050 ) ( 5586.450, 4684.950 )


SHORT: Regular Wire of Net n20869 & Regular Wire of Net FE_RN_3734  ( metal2 )
Bounds : ( 5575.950, 4699.050 ) ( 5576.850, 4699.950 )


SHORT: Regular Wire of Net n20869 & Regular Wire of Net FE_PSBN24376_FE_RN_157  ( metal2 )
Bounds : ( 5578.350, 4699.050 ) ( 5579.250, 4699.950 )


SHORT: Regular Wire of Net n20946 & Regular Wire of Net FE_OCPN9915_FE_OFN1013_n9007  ( metal3 )
Bounds : ( 5659.650, 4698.750 ) ( 5661.150, 4700.250 )


SHORT: Regular Wire of Net n20596 & Regular Wire of Net FE_PSN958_FE_OCPN27411_FE_OFN1591_n7086  ( metal3 )
Bounds : ( 5453.250, 4938.750 ) ( 5454.750, 4940.250 )


SHORT: Regular Wire of Net n20596 & Regular Wire of Net FE_PSN1335_FE_RN_602  ( metal3 )
Bounds : ( 5453.250, 4941.750 ) ( 5454.750, 4943.250 )


SHORT: Regular Via of Net FE_PSN958_FE_OCPN27411_FE_OFN1591_n7086 & Regular Wire of Net n22445  ( metal2 )
Bounds : ( 5444.100, 4941.900 ) ( 5444.850, 4943.100 )


SHORT: Regular Wire of Net FE_RN_510 & Regular Wire of Net FE_PSBN24312_FE_RN_192  ( metal2 )
Bounds : ( 5494.350, 4912.050 ) ( 5495.250, 4912.950 )


SHORT: Regular Wire of Net FE_OCPN23037_n6193 & Regular Wire of Net FE_PSBN24312_FE_RN_192  ( metal2 )
Bounds : ( 5496.750, 4912.050 ) ( 5497.650, 4912.950 )


SHORT: Regular Wire of Net n19906 & Regular Wire of Net FE_RN_4417_0  ( metal3 )
Bounds : ( 5486.850, 4908.750 ) ( 5488.350, 4910.250 )


SHORT: Regular Wire of Net n19906 & Regular Wire of Net n13950  ( metal3 )
Bounds : ( 5486.850, 4914.750 ) ( 5488.350, 4916.250 )


SHORT: Regular Wire of Net n19906 & Regular Wire of Net FE_RN_1229  ( metal3 )
Bounds : ( 5486.850, 4917.750 ) ( 5488.350, 4919.250 )


SHORT: Regular Wire of Net n13950 & Regular Wire of Net FE_RN_1229  ( metal3 )
Bounds : ( 5462.850, 4914.750 ) ( 5464.350, 4916.250 )


SHORT: Regular Wire of Net n13950 & Regular Wire of Net FE_OCPN19933_n7276  ( metal3 )
Bounds : ( 5450.850, 4914.750 ) ( 5452.350, 4916.250 )


SHORT: Regular Wire of Net FE_OCPN7626_n8172 & Regular Wire of Net FE_OCPN19933_n7276  ( metal2 )
Bounds : ( 5455.950, 4930.050 ) ( 5456.850, 4930.950 )


SHORT: Regular Wire of Net FE_RN_1071 & Regular Wire of Net FE_OCPN19933_n7276  ( metal2 )
Bounds : ( 5453.550, 4930.050 ) ( 5454.450, 4930.950 )


SHORT: Regular Wire of Net n20596 & Regular Wire of Net FE_RN_2142  ( metal3 )
Bounds : ( 5453.250, 4929.750 ) ( 5454.750, 4931.250 )


SHORT: Regular Via of Net FE_OCPN13514_n20246 & Regular Wire of Net FE_RN_6151_0  ( metal2 )
Bounds : ( 5468.100, 4920.900 ) ( 5468.850, 4922.100 )


SHORT: Regular Wire of Net FE_RN_6151_0 & Regular Wire of Net FE_PSN1157_n22445  ( metal2 )
Bounds : ( 5470.350, 4882.050 ) ( 5471.250, 4882.950 )


SHORT: Regular Wire of Net FE_OCPN18300_n6189 & Regular Wire of Net FE_RN_4620_0  ( metal2 )
Bounds : ( 5458.350, 4876.050 ) ( 5459.250, 4876.950 )


SHORT: Regular Wire of Net FE_RN_345_0 & Regular Wire of Net FE_RN_6151_0  ( metal2 )
Bounds : ( 5470.350, 4879.050 ) ( 5471.250, 4879.950 )


SHORT: Regular Wire of Net n19906 & Regular Wire of Net FE_OCPN23037_n6193  ( metal2 )
Bounds : ( 5494.350, 4897.050 ) ( 5495.250, 4897.950 )


SHORT: Regular Via of Net n22445 & Regular Wire of Net FE_RN_616  ( metal3 )
Bounds : ( 5465.100, 4884.750 ) ( 5466.900, 4886.250 )


SHORT: Regular Wire of Net FE_RN_87 & Regular Wire of Net FE_PSBN24289_n20253  ( metal2 )
Bounds : ( 5434.350, 4906.050 ) ( 5435.250, 4906.950 )


SHORT: Regular Wire of Net FE_OFN26386_n6225 & Regular Wire of Net FE_RN_3528  ( metal3 )
Bounds : ( 5424.450, 4890.750 ) ( 5425.950, 4892.250 )


SHORT: Regular Wire of Net FE_OFN26386_n6225 & Regular Wire of Net FE_RN_1331  ( metal3 )
Bounds : ( 5424.450, 4899.750 ) ( 5425.950, 4901.250 )


SHORT: Regular Via of Net FE_OCPN9617_n19975 & Regular Wire of Net FE_OFN26386_n6225  ( metal3 )
Bounds : ( 5429.100, 4881.750 ) ( 5430.900, 4883.250 )


SHORT: Regular Wire of Net n7091 & Regular Wire of Net FE_RN_6049_0  ( metal3 )
Bounds : ( 5381.250, 4920.750 ) ( 5382.750, 4922.250 )


SHORT: Regular Via of Net n22315 & Regular Wire of Net FE_RN_6049_0  ( metal3 )
Bounds : ( 5388.300, 4923.750 ) ( 5390.100, 4925.250 )


SHORT: Regular Wire of Net n22445 & Regular Wire of Net FE_OFN26386_n6225  ( metal3 )
Bounds : ( 5424.450, 4893.750 ) ( 5425.950, 4895.250 )


SHORT: Regular Wire of Net FE_RN_2624_0 & Regular Wire of Net FE_RN_6052_0  ( metal3 )
Bounds : ( 5299.650, 4923.750 ) ( 5301.150, 4925.250 )


SHORT: Regular Wire of Net FE_OFN686_n21809 & Regular Wire of Net FE_RN_769  ( metal3 )
Bounds : ( 5352.450, 4932.750 ) ( 5353.950, 4934.250 )


SHORT: Regular Via of Net FE_RN_6052_0 & Regular Wire of Net n15486  ( metal3 )
Bounds : ( 5299.500, 4926.750 ) ( 5301.300, 4928.250 )


SHORT: Regular Wire of Net FE_OFN27787_n16481 & Regular Wire of Net FE_OCPN7642_n6193  ( metal3 )
Bounds : ( 5453.250, 4860.750 ) ( 5454.750, 4862.250 )


SHORT: Regular Wire of Net FE_OCPN7642_n6193 & Regular Wire of Net FE_RN_1072  ( metal3 )
Bounds : ( 5453.250, 4857.750 ) ( 5454.750, 4859.250 )


SHORT: Regular Via of Net FE_RN_1072 & Regular Wire of Net FE_PSBN24312_FE_RN_192  ( metal3 )
Bounds : ( 5486.700, 4854.750 ) ( 5488.500, 4856.250 )


SHORT: Regular Wire of Net FE_RN_1229 & Regular Wire of Net FE_RN_4619_1  ( metal2 )
Bounds : ( 5453.550, 4870.050 ) ( 5454.450, 4870.950 )


SHORT: Regular Wire of Net FE_RN_620_0 & Regular Wire of Net FE_RN_112  ( metal2 )
Bounds : ( 5479.950, 4873.050 ) ( 5480.850, 4873.950 )


SHORT: Regular Via of Net n19902 & Regular Wire of Net FE_OFN25760_n  ( metal3 )
Bounds : ( 5450.700, 4866.750 ) ( 5452.500, 4868.250 )


SHORT: Regular Wire of Net n19902 & Regular Wire of Net FE_OCPN19933_n7276  ( metal2 )
Bounds : ( 5451.150, 4864.050 ) ( 5452.050, 4864.950 )


SPACING: Regular Via of Net n22445 & Regular Via of Net FE_RN_345_0  ( metal3 )
Bounds : ( 5471.700, 4851.600 ) ( 5472.300, 4853.400 )
Actual:     0.6     Min:     0.9


SHORT: Regular Wire of Net FE_RN_620_0 & Regular Wire of Net FE_RN_628_0  ( metal2 )
Bounds : ( 5482.350, 4828.050 ) ( 5483.250, 4828.950 )


SHORT: Regular Wire of Net n22445 & Regular Wire of Net FE_RN_622_0  ( metal2 )
Bounds : ( 5475.150, 4834.050 ) ( 5476.050, 4834.950 )


SHORT: Regular Via of Net FE_OCPN7931_FE_OFN564_n19975 & Regular Wire of Net FE_PSN625_FE_OFN26456_n19975  ( metal2 )
Bounds : ( 5407.950, 4857.900 ) ( 5408.850, 4859.100 )


SHORT: Regular Via of Net FE_PSN320_FE_RN_1696_0 & Regular Wire of Net FE_RN_1925  ( metal2 )
Bounds : ( 5463.150, 4764.900 ) ( 5463.900, 4766.100 )


SHORT: Regular Wire of Net FE_RN_626_0 & Regular Wire of Net FE_RN_672  ( metal2 )
Bounds : ( 5491.950, 4810.050 ) ( 5492.850, 4810.950 )


SHORT: Regular Wire of Net FE_RN_622_0 & Regular Wire of Net FE_RN_1696_0  ( metal2 )
Bounds : ( 5484.750, 4792.050 ) ( 5485.650, 4792.950 )


SHORT: Regular Wire of Net n8139 & Regular Wire of Net FE_OCPN9915_FE_OFN1013_n9007  ( metal3 )
Bounds : ( 5482.050, 4698.750 ) ( 5483.550, 4700.250 )


SHORT: Regular Via of Net n21407 & Regular Wire of Net n19606  ( metal2 )
Bounds : ( 5477.550, 4617.900 ) ( 5478.300, 4619.100 )


SHORT: Regular Wire of Net FE_OCPN18331_n6193 & Regular Wire of Net FE_PSBN24312_FE_RN_192  ( metal2 )
Bounds : ( 5499.150, 4912.050 ) ( 5500.050, 4912.950 )


SHORT: Regular Wire of Net n22041 & Regular Wire of Net n13897  ( metal2 )
Bounds : ( 4126.350, 4969.050 ) ( 4127.250, 4969.950 )


SHORT: Regular Via of Net FE_RN_1291 & Regular Wire of Net FE_RN_4675_1  ( metal2 )
Bounds : ( 3396.750, 6114.900 ) ( 3397.500, 6116.100 )


SHORT: Regular Wire of Net n12572 & Regular Wire of Net FE_RN_631  ( metal2 )
Bounds : ( 3571.950, 5716.050 ) ( 3572.850, 5716.950 )


SHORT: Regular Wire of Net n12408 & Regular Wire of Net FE_RN_4732  ( metal2 )
Bounds : ( 3547.950, 5692.050 ) ( 3548.850, 5692.950 )


SHORT: Regular Wire of Net FE_RN_3865 & Regular Wire of Net FE_PSN1804_FE_OCPN27124_n12481  ( metal3 )
Bounds : ( 3581.250, 5697.750 ) ( 3582.750, 5699.250 )


SHORT: Regular Wire of Net FE_OCPN28174_n12408 & Regular Wire of Net FE_PSN1003_FE_RN_2569  ( metal2 )
Bounds : ( 3540.750, 5722.050 ) ( 3541.650, 5722.950 )


SHORT: Regular Wire of Net FE_RN_594 & Regular Wire of Net FE_RN_4732  ( metal2 )
Bounds : ( 3543.150, 5692.050 ) ( 3544.050, 5692.950 )


SHORT: Regular Wire of Net FE_RN_594 & Regular Wire of Net FE_OCPN28174_n12408  ( metal2 )
Bounds : ( 3543.150, 5710.050 ) ( 3544.050, 5710.950 )


SPACING: Regular Via of Net FE_OCPN28174_n12408 & Regular Wire of Net FE_PSN1804_FE_OCPN27124_n12481  ( metal3 )
Bounds : ( 3546.900, 5694.600 ) ( 3547.650, 5696.400 )
Actual:     0.75     Min:     0.9


SPACING: Regular Via of Net FE_OCPN9405_n12717 & Regular Wire of Net FE_PSN1804_FE_OCPN27124_n12481  ( metal3 )
Bounds : ( 3549.150, 5694.600 ) ( 3549.900, 5696.400 )
Actual:     0.75     Min:     0.9


SHORT: Regular Via of Net n12717 & Regular Wire of Net FE_OFN659_n11803  ( metal2 )
Bounds : ( 3531.600, 5664.900 ) ( 3532.050, 5666.100 )


SHORT: Regular Wire of Net n12549 & Regular Wire of Net FE_OCPN18992_FE_OFN944_n12142  ( metal2 )
Bounds : ( 3567.150, 5686.050 ) ( 3568.050, 5686.950 )


SHORT: Regular Via of Net n12717 & Regular Wire of Net n12718  ( metal3 )
Bounds : ( 3533.100, 5664.750 ) ( 3534.900, 5666.250 )


SPACING: Regular Via of Net n12717 & Regular Via of Net n12717  ( metal2 )
Bounds : ( 3532.800, 5664.900 ) ( 3533.400, 5666.100 )
Actual:     0.6     Min:     0.9  SameNetGap


SHORT: Regular Wire of Net FE_RN_1640 & Regular Wire of Net FE_RN_5067_0  ( metal2 )
Bounds : ( 3631.950, 5002.650 ) ( 3632.850, 5003.550 )


SHORT: Regular Wire of Net FE_RN_2978 & Regular Wire of Net FE_RN_3704_0  ( metal3 )
Bounds : ( 3686.850, 5004.750 ) ( 3688.350, 5006.250 )


SHORT: Regular Wire of Net n8698 & Regular Wire of Net FE_RN_1001_1  ( metal2 )
Bounds : ( 3617.550, 5020.050 ) ( 3618.450, 5020.950 )


SHORT: Regular Wire of Net n11638 & Regular Wire of Net FE_RN_3704_0  ( metal3 )
Bounds : ( 3686.850, 5007.750 ) ( 3688.350, 5009.250 )


SHORT: Regular Wire of Net FE_RN_1235_1 & Regular Wire of Net FE_PSBN26773_n6332  ( metal2 )
Bounds : ( 3778.350, 5023.050 ) ( 3779.250, 5023.950 )


SHORT: Regular Wire of Net FE_RN_2978 & Regular Wire of Net FE_PSN991_FE_RN_3151  ( metal3 )
Bounds : ( 3720.450, 5004.750 ) ( 3721.950, 5006.250 )


SHORT: Regular Wire of Net FE_RN_2005 & Regular Wire of Net FE_PSN381_FE_RN_1174  ( metal2 )
Bounds : ( 3751.950, 5065.050 ) ( 3752.850, 5065.950 )


SHORT: Regular Wire of Net FE_OFN6019_n11536 & Regular Wire of Net FE_OCPN22589_FE_RN_1757  ( metal2 )
Bounds : ( 3799.950, 5005.050 ) ( 3800.850, 5005.950 )


SHORT: Regular Via of Net FE_PSN991_FE_RN_3151 & Regular Wire of Net n11638  ( metal3 )
Bounds : ( 3720.300, 5007.750 ) ( 3722.100, 5009.250 )


SPACING: Regular Via of Net FE_PSBN26770_n6332 & Regular Wire of Net FE_RN_740  ( metal3 )
Bounds : ( 3770.100, 4974.750 ) ( 3770.850, 4976.400 )
Actual:     0.75     Min:     0.9 


SHORT: Regular Wire of Net FE_RN_740 & Regular Wire of Net FE_RN_3551  ( metal3 )
Bounds : ( 3770.850, 4977.750 ) ( 3772.350, 4979.250 )


SHORT: Regular Via of Net FE_RN_1242 & Regular Wire of Net FE_RN_3807  ( metal2 )
Bounds : ( 3843.150, 4941.900 ) ( 3844.050, 4943.100 )


SHORT: Regular Via of Net FE_RN_2631_0 & Regular Wire of Net FE_PSBN26770_n6332  ( metal3 )
Bounds : ( 3758.700, 4980.750 ) ( 3760.500, 4982.250 )


SHORT: Regular Wire of Net FE_RN_2631_0 & Regular Wire of Net FE_RN_3551  ( metal3 )
Bounds : ( 3758.850, 4977.750 ) ( 3760.350, 4979.250 )


SHORT: Regular Wire of Net FE_RN_3551 & Regular Wire of Net FE_PSBN26770_n6332  ( metal3 )
Bounds : ( 3763.650, 4977.750 ) ( 3765.150, 4979.250 )


SHORT: Regular Wire of Net FE_RN_4809_1 & Regular Wire of Net FE_PSBN26770_n6332  ( metal2 )
Bounds : ( 3768.750, 4969.050 ) ( 3769.650, 4969.950 )


SHORT: Regular Wire of Net FE_RN_3683_1 & Regular Wire of Net FE_RN_6221_0  ( metal2 )
Bounds : ( 3780.750, 4903.050 ) ( 3781.650, 4903.950 )


SHORT: Regular Wire of Net FE_RN_3684_1 & Regular Wire of Net FE_RN_3688_0  ( metal2 )
Bounds : ( 3778.350, 4924.050 ) ( 3779.250, 4924.950 )


SHORT: Regular Via of Net FE_RN_886 & Regular Wire of Net FE_RN_3686_0  ( metal2 )
Bounds : ( 3975.150, 4854.900 ) ( 3976.050, 4859.100 )


SHORT: Regular Wire of Net n9049 & Regular Wire of Net FE_OFN598_n6912  ( metal3 )
Bounds : ( 3859.650, 4857.750 ) ( 3861.150, 4859.250 )


SHORT: Regular Wire of Net n11440 & Regular Wire of Net n9049  ( metal3 )
Bounds : ( 3907.650, 4848.750 ) ( 3909.150, 4850.250 )


SHORT: Regular Wire of Net n11440 & Regular Wire of Net FE_RN_3523  ( metal3 )
Bounds : ( 3907.650, 4854.750 ) ( 3909.150, 4856.250 )


SHORT: Regular Wire of Net FE_RN_5863_1 & Regular Wire of Net FE_PSN991_FE_RN_3151  ( metal2 )
Bounds : ( 3711.150, 4996.050 ) ( 3712.050, 4996.950 )


SHORT: Regular Wire of Net FE_RN_2266 & Regular Wire of Net FE_RN_5863_1  ( metal2 )
Bounds : ( 3713.550, 4996.050 ) ( 3714.450, 4996.950 )


SHORT: Regular Wire of Net n12276 & Regular Wire of Net FE_PSBN26768_n6332  ( metal2 )
Bounds : ( 3739.950, 4939.050 ) ( 3740.850, 4939.950 )


SPACING: Regular Via of Net FE_PSBN26769_n6332 & Regular Wire of Net FE_RN_1050_0  ( metal3 )
Bounds : ( 3729.150, 4974.600 ) ( 3729.900, 4976.400 )
Actual:     0.75     Min:     0.9


SPACING: Regular Via of Net FE_DBTN50_n11634 & Regular Via of Net FE_PSBN26770_n6332  ( metal3 )
Bounds : ( 3738.900, 4980.600 ) ( 3739.500, 4982.400 )
Actual:     0.6     Min:     0.9


SHORT: Regular Wire of Net FE_OCPN9990_FE_DBTN16_n11493 & Regular Wire of Net FE_RN_756_0  ( metal2 )
Bounds : ( 3552.750, 4975.050 ) ( 3553.650, 4975.950 )


SHORT: Regular Wire of Net FE_RN_251_0 & Regular Wire of Net FE_OCPN20566_n11650  ( metal2 )
Bounds : ( 3583.950, 4999.050 ) ( 3584.850, 4999.950 )


SHORT: Regular Wire of Net FE_RN_251_0 & Regular Wire of Net FE_RN_756_0  ( metal2 )
Bounds : ( 3564.750, 4972.050 ) ( 3565.650, 4972.950 )


SHORT: Regular Wire of Net n11643 & Regular Wire of Net FE_RN_756_0  ( metal2 )
Bounds : ( 3559.950, 4975.050 ) ( 3560.850, 4975.950 )


SHORT: Regular Wire of Net n11643 & Regular Wire of Net FE_OCPN23297_n11638  ( metal2 )
Bounds : ( 3559.950, 4978.050 ) ( 3560.850, 4978.950 )


SHORT: Regular Wire of Net n11643 & Regular Wire of Net FE_RN_251_0  ( metal2 )
Bounds : ( 3564.750, 4954.050 ) ( 3565.650, 4954.950 )



Begin Summary ...
  Cells       : 0
  SameNet     : 2
  Wiring      : 10
  Antenna     : 0
  Short       : 155
  Overlap     : 0
End Summary

  Total Violations : 167 Viols.
