###############################################################
#  Generated by:      Cadence Innovus 19.15-s075_1
#  OS:                Linux x86_64(Host ID rivendell.ecen.okstate.edu)
#  Generated on:      Fri Aug  7 15:53:12 2020
#  Design:            riscv
#  Command:           checkDesign -all
###############################################################
Design: riscv

------ Design Summary:
Total Standard Cell Number   (cells) : 23085
Total Block Cell Number      (cells) : 0
Total I/O Pad Cell Number    (cells) : 0
Total Standard Cell Area     ( um^2) : 7119792.00
Total Block Cell Area        ( um^2) : 0.00
Total I/O Pad Cell Area      ( um^2) : 0.00

------ Design Statistics:

Number of Instances            : 23085
Number of Non-uniquified Insts : 23085
Number of Nets                 : 23861
Average number of Pins per Net : 3.06
Maximum number of Pins in Net  : 1024

------ I/O Port summary

Number of Primary I/O Ports    : 163
Number of Input Ports          : 66
Number of Output Ports         : 97
Number of Bidirectional Ports  : 0
Number of Power/Ground Ports   : 0



------------------------------------------------------------
Detail report:


------ I/O Pad/Port Checking


