###############################################################
#  Generated by:      Cadence Innovus 19.15-s075_1
#  OS:                Linux x86_64(Host ID rivendell.ecen.okstate.edu)
#  Generated on:      Fri Aug  7 20:34:10 2020
#  Design:            riscv
#  Command:           verifyGeometry
###############################################################

SHORT: Regular Wire of Net FE_RN_257_1 & Regular Wire of Net FE_RN_4150_0  ( metal2 )
Bounds : ( 1489.350, 1387.050 ) ( 1490.250, 1387.950 )


SHORT: Regular Wire of Net FE_OCPN8929_n17430 & Regular Wire of Net FE_OCPN10716_n16237  ( metal2 )
Bounds : ( 1625.550, 1942.050 ) ( 1626.450, 1942.950 )


SPACING: Regular Via of Net n6480 & Regular Via of Net n6480 ( via via2 )

Bounds : ( 1918.800, 2581.200 ) ( 1919.100, 2581.200 )
Actual:     0     Min:     0.15  

SHORT: Regular Wire of Net FE_OFN25324_n5801 & Regular Wire of Net FE_RN_4936_0  ( metal2 )
Bounds : ( 2669.550, 3247.050 ) ( 2670.450, 3247.950 )


SHORT: Regular Wire of Net FE_RN_6114_0 & Regular Wire of Net FE_PSN635_rf_9_31  ( metal2 )
Bounds : ( 5062.350, 5770.050 ) ( 5063.250, 5770.950 )



Begin Summary ...
  Cells       : 0
  SameNet     : 1
  Wiring      : 0
  Antenna     : 0
  Short       : 4
  Overlap     : 0
End Summary

  Total Violations : 5 Viols.
